<?xml version="1.0" encoding="UTF-8"?>
<testsuite name="edu.sm.place.SearchTest" tests="1" skipped="0" failures="0" errors="0" timestamp="2025-09-09T04:30:35.614Z" hostname="HOHO" time="0.028">
  <properties/>
  <testcase name="testFindByAddrAndType()" classname="edu.sm.place.SearchTest" time="0.028"/>
  <system-out><![CDATA[2025-09-09T13:30:35.601+09:00  INFO 23124 --- [    Test worker] t.c.s.AnnotationConfigContextLoaderUtils : Could not detect default configuration classes for test class [edu.sm.place.SearchTest]: SearchTest does not declare any static, non-private, non-final, nested classes annotated with @Configuration.
2025-09-09T13:30:35.607+09:00  INFO 23124 --- [    Test worker] .b.t.c.SpringBootTestContextBootstrapper : Found @SpringBootConfiguration edu.sm.ShopApplication for test class edu.sm.place.SearchTest
2025-09-09T13:30:35.614+09:00  INFO 23124 --- [onnection adder] log4jdbc.log4j2                          : 8. Connection opened. {executed in 7ms} 
2025-09-09T13:30:35.614+09:00  INFO 23124 --- [onnection adder] log4jdbc.log4j2                          : 8. Connection.new Connection returned 
2025-09-09T13:30:35.614+09:00  INFO 23124 --- [    Test worker] log4jdbc.log4j2                          : 1. Connection.getAutoCommit() returned true
2025-09-09T13:30:35.614+09:00  INFO 23124 --- [onnection adder] log4jdbc.log4j2                          : 8. Connection.isReadOnly() returned false
2025-09-09T13:30:35.614+09:00  INFO 23124 --- [onnection adder] log4jdbc.log4j2                          : 8. Connection.getAutoCommit() returned true
2025-09-09T13:30:35.614+09:00  INFO 23124 --- [    Test worker] log4jdbc.log4j2                          : 1. PreparedStatement.new PreparedStatement returned 
2025-09-09T13:30:35.614+09:00  INFO 23124 --- [    Test worker] log4jdbc.log4j2                          : 1. Connection.prepareStatement(SELECT *
        FROM place
        WHERE addr LIKE CONCAT('%', ?, '%')
          AND type = ?) returned net.sf.log4jdbc.sql.jdbcapi.PreparedStatementSpy@2dec57c5
2025-09-09T13:30:35.614+09:00  INFO 23124 --- [    Test worker] log4jdbc.log4j2                          : 1. PreparedStatement.setString(1, "호산리") returned 
2025-09-09T13:30:35.614+09:00  INFO 23124 --- [    Test worker] log4jdbc.log4j2                          : 1. PreparedStatement.setInt(2, 20) returned 
2025-09-09T13:30:35.623+09:00  INFO 23124 --- [    Test worker] log4jdbc.log4j2                          : 1. SELECT * FROM place WHERE addr LIKE CONCAT('%', '호산리', '%') AND type = 20  {executed in 9 ms}
2025-09-09T13:30:35.623+09:00  INFO 23124 --- [    Test worker] log4jdbc.log4j2                          : 1. PreparedStatement.execute() returned true
2025-09-09T13:30:35.623+09:00  INFO 23124 --- [    Test worker] log4jdbc.log4j2                          : 1. ResultSet.new ResultSet returned 
2025-09-09T13:30:35.623+09:00  INFO 23124 --- [    Test worker] log4jdbc.log4j2                          : 1. PreparedStatement.getResultSet() returned net.sf.log4jdbc.sql.jdbcapi.ResultSetSpy@5b8599c7
2025-09-09T13:30:35.623+09:00  INFO 23124 --- [    Test worker] log4jdbc.log4j2                          : 1. ResultSet.getMetaData() returned com.mysql.cj.jdbc.result.ResultSetMetaData@31e9d94f - Field level information: 
	com.mysql.cj.result.Field@69a3944[dbName=shopdb,tableName=place,originalTableName=place,columnName=id,originalColumnName=id,mysqlType=3(FIELD_TYPE_INT),sqlType=4,flags= AUTO_INCREMENT PRIMARY_KEY, charsetIndex=63, charsetName=ISO-8859-1]
	com.mysql.cj.result.Field@4987142d[dbName=shopdb,tableName=place,originalTableName=place,columnName=name,originalColumnName=name,mysqlType=253(FIELD_TYPE_VARCHAR),sqlType=12,flags=, charsetIndex=255, charsetName=utf8]
	com.mysql.cj.result.Field@3e3bf77b[dbName=shopdb,tableName=place,originalTableName=place,columnName=type,originalColumnName=type,mysqlType=3(FIELD_TYPE_INT),sqlType=4,flags=, charsetIndex=63, charsetName=ISO-8859-1]
	com.mysql.cj.result.Field@41e76252[dbName=shopdb,tableName=place,originalTableName=place,columnName=addr,originalColumnName=addr,mysqlType=253(FIELD_TYPE_VARCHAR),sqlType=12,flags=, charsetIndex=255, charsetName=utf8]
	com.mysql.cj.result.Field@16602333[dbName=shopdb,tableName=place,originalTableName=place,columnName=lat,originalColumnName=lat,mysqlType=5(FIELD_TYPE_DOUBLE),sqlType=8,flags=, charsetIndex=63, charsetName=ISO-8859-1]
	com.mysql.cj.result.Field@67376bae[dbName=shopdb,tableName=place,originalTableName=place,columnName=lng,originalColumnName=lng,mysqlType=5(FIELD_TYPE_DOUBLE),sqlType=8,flags=, charsetIndex=63, charsetName=ISO-8859-1]
	com.mysql.cj.result.Field@6d6d81c[dbName=shopdb,tableName=place,originalTableName=place,columnName=img,originalColumnName=img,mysqlType=253(FIELD_TYPE_VARCHAR),sqlType=12,flags=, charsetIndex=255, charsetName=utf8]
	com.mysql.cj.result.Field@7c59cf66[dbName=shopdb,tableName=place,originalTableName=place,columnName=regdate,originalColumnName=regdate,mysqlType=7(FIELD_TYPE_TIMESTAMP),sqlType=93,flags= BINARY, charsetIndex=63, charsetName=ISO-8859-1]
2025-09-09T13:30:35.623+09:00  INFO 23124 --- [    Test worker] log4jdbc.log4j2                          : 1. ResultSet.getType() returned 1003
2025-09-09T13:30:35.623+09:00  INFO 23124 --- [    Test worker] log4jdbc.log4j2                          : 1. ResultSet.isClosed() returned false
2025-09-09T13:30:35.623+09:00  INFO 23124 --- [    Test worker] log4jdbc.log4j2                          : 1. ResultSet.next() returned true
2025-09-09T13:30:35.623+09:00  INFO 23124 --- [    Test worker] log4jdbc.log4j2                          : 1. ResultSet.getInt(id) returned 11
2025-09-09T13:30:35.623+09:00  INFO 23124 --- [    Test worker] log4jdbc.log4j2                          : 1. ResultSet.getString(name) returned GS25 호산리점
2025-09-09T13:30:35.623+09:00  INFO 23124 --- [    Test worker] log4jdbc.log4j2                          : 1. ResultSet.getInt(type) returned 20
2025-09-09T13:30:35.623+09:00  INFO 23124 --- [    Test worker] log4jdbc.log4j2                          : 1. ResultSet.getString(addr) returned 충청남도 아산시 탕정면 호산리 301
2025-09-09T13:30:35.623+09:00  INFO 23124 --- [    Test worker] log4jdbc.log4j2                          : 1. ResultSet.getDouble(lat) returned 36.8096
2025-09-09T13:30:35.623+09:00  INFO 23124 --- [    Test worker] log4jdbc.log4j2                          : 1. ResultSet.getDouble(lng) returned 127.0764
2025-09-09T13:30:35.623+09:00  INFO 23124 --- [    Test worker] log4jdbc.log4j2                          : 1. ResultSet.getString(img) returned ss4.jpg
2025-09-09T13:30:35.623+09:00  INFO 23124 --- [    Test worker] log4jdbc.log4j2                          : 1. ResultSet.getTimestamp(regdate) returned 2025-09-03 20:49:02.0
2025-09-09T13:30:35.623+09:00  INFO 23124 --- [    Test worker] log4jdbc.log4j2                          : 1. ResultSet.isClosed() returned false
2025-09-09T13:30:35.623+09:00  INFO 23124 --- [    Test worker] log4jdbc.log4j2                          : 1. ResultSet.next() returned true
2025-09-09T13:30:35.623+09:00  INFO 23124 --- [    Test worker] log4jdbc.log4j2                          : 1. ResultSet.getInt(id) returned 12
2025-09-09T13:30:35.623+09:00  INFO 23124 --- [    Test worker] log4jdbc.log4j2                          : 1. ResultSet.getString(name) returned CU 호산리점
2025-09-09T13:30:35.623+09:00  INFO 23124 --- [    Test worker] log4jdbc.log4j2                          : 1. ResultSet.getInt(type) returned 20
2025-09-09T13:30:35.623+09:00  INFO 23124 --- [    Test worker] log4jdbc.log4j2                          : 1. ResultSet.getString(addr) returned 충청남도 아산시 탕정면 호산리 302
2025-09-09T13:30:35.623+09:00  INFO 23124 --- [    Test worker] log4jdbc.log4j2                          : 1. ResultSet.getDouble(lat) returned 36.8098
2025-09-09T13:30:35.623+09:00  INFO 23124 --- [    Test worker] log4jdbc.log4j2                          : 1. ResultSet.getDouble(lng) returned 127.0761
2025-09-09T13:30:35.623+09:00  INFO 23124 --- [    Test worker] log4jdbc.log4j2                          : 1. ResultSet.getString(img) returned ss5.jpg
2025-09-09T13:30:35.623+09:00  INFO 23124 --- [    Test worker] log4jdbc.log4j2                          : 1. ResultSet.getTimestamp(regdate) returned 2025-09-03 20:49:02.0
2025-09-09T13:30:35.623+09:00  INFO 23124 --- [    Test worker] log4jdbc.log4j2                          : 1. ResultSet.isClosed() returned false
2025-09-09T13:30:35.623+09:00  INFO 23124 --- [    Test worker] log4jdbc.log4j2                          : 1. ResultSet.next() returned true
2025-09-09T13:30:35.623+09:00  INFO 23124 --- [    Test worker] log4jdbc.log4j2                          : 1. ResultSet.getInt(id) returned 13
2025-09-09T13:30:35.623+09:00  INFO 23124 --- [    Test worker] log4jdbc.log4j2                          : 1. ResultSet.getString(name) returned 이마트24 호산리점
2025-09-09T13:30:35.623+09:00  INFO 23124 --- [    Test worker] log4jdbc.log4j2                          : 1. ResultSet.getInt(type) returned 20
2025-09-09T13:30:35.623+09:00  INFO 23124 --- [    Test worker] log4jdbc.log4j2                          : 1. ResultSet.getString(addr) returned 충청남도 아산시 탕정면 호산리 303
2025-09-09T13:30:35.623+09:00  INFO 23124 --- [    Test worker] log4jdbc.log4j2                          : 1. ResultSet.getDouble(lat) returned 36.8092
2025-09-09T13:30:35.623+09:00  INFO 23124 --- [    Test worker] log4jdbc.log4j2                          : 1. ResultSet.getDouble(lng) returned 127.0772
2025-09-09T13:30:35.623+09:00  INFO 23124 --- [    Test worker] log4jdbc.log4j2                          : 1. ResultSet.getString(img) returned ss6.jpg
2025-09-09T13:30:35.623+09:00  INFO 23124 --- [    Test worker] log4jdbc.log4j2                          : 1. ResultSet.getTimestamp(regdate) returned 2025-09-03 20:49:02.0
2025-09-09T13:30:35.623+09:00  INFO 23124 --- [    Test worker] log4jdbc.log4j2                          : 1. ResultSet.isClosed() returned false
2025-09-09T13:30:35.623+09:00  INFO 23124 --- [    Test worker] log4jdbc.log4j2                          : 1. ResultSet.next() returned true
2025-09-09T13:30:35.623+09:00  INFO 23124 --- [    Test worker] log4jdbc.log4j2                          : 1. ResultSet.getInt(id) returned 14
2025-09-09T13:30:35.623+09:00  INFO 23124 --- [    Test worker] log4jdbc.log4j2                          : 1. ResultSet.getString(name) returned 세븐일레븐 호산리점
2025-09-09T13:30:35.623+09:00  INFO 23124 --- [    Test worker] log4jdbc.log4j2                          : 1. ResultSet.getInt(type) returned 20
2025-09-09T13:30:35.623+09:00  INFO 23124 --- [    Test worker] log4jdbc.log4j2                          : 1. ResultSet.getString(addr) returned 충청남도 아산시 탕정면 호산리 304
2025-09-09T13:30:35.623+09:00  INFO 23124 --- [    Test worker] log4jdbc.log4j2                          : 1. ResultSet.getDouble(lat) returned 36.8088
2025-09-09T13:30:35.623+09:00  INFO 23124 --- [    Test worker] log4jdbc.log4j2                          : 1. ResultSet.getDouble(lng) returned 127.0767
2025-09-09T13:30:35.623+09:00  INFO 23124 --- [    Test worker] log4jdbc.log4j2                          : 1. ResultSet.getString(img) returned ss7.jpg
2025-09-09T13:30:35.623+09:00  INFO 23124 --- [    Test worker] log4jdbc.log4j2                          : 1. ResultSet.getTimestamp(regdate) returned 2025-09-03 20:49:02.0
2025-09-09T13:30:35.623+09:00  INFO 23124 --- [    Test worker] log4jdbc.log4j2                          : 1. ResultSet.isClosed() returned false
2025-09-09T13:30:35.623+09:00  INFO 23124 --- [    Test worker] log4jdbc.log4j2                          : 1. ResultSet.next() returned true
2025-09-09T13:30:35.623+09:00  INFO 23124 --- [    Test worker] log4jdbc.log4j2                          : 1. ResultSet.getInt(id) returned 15
2025-09-09T13:30:35.623+09:00  INFO 23124 --- [    Test worker] log4jdbc.log4j2                          : 1. ResultSet.getString(name) returned 미니스톱 호산리점
2025-09-09T13:30:35.623+09:00  INFO 23124 --- [    Test worker] log4jdbc.log4j2                          : 1. ResultSet.getInt(type) returned 20
2025-09-09T13:30:35.623+09:00  INFO 23124 --- [    Test worker] log4jdbc.log4j2                          : 1. ResultSet.getString(addr) returned 충청남도 아산시 탕정면 호산리 305
2025-09-09T13:30:35.623+09:00  INFO 23124 --- [    Test worker] log4jdbc.log4j2                          : 1. ResultSet.getDouble(lat) returned 36.8094
2025-09-09T13:30:35.623+09:00  INFO 23124 --- [    Test worker] log4jdbc.log4j2                          : 1. ResultSet.getDouble(lng) returned 127.0758
2025-09-09T13:30:35.623+09:00  INFO 23124 --- [    Test worker] log4jdbc.log4j2                          : 1. ResultSet.getString(img) returned ss1.jpg
2025-09-09T13:30:35.623+09:00  INFO 23124 --- [    Test worker] log4jdbc.log4j2                          : 1. ResultSet.getTimestamp(regdate) returned 2025-09-03 20:49:02.0
2025-09-09T13:30:35.623+09:00  INFO 23124 --- [    Test worker] log4jdbc.log4j2                          : 1. ResultSet.isClosed() returned false
2025-09-09T13:30:35.623+09:00  INFO 23124 --- [    Test worker] log4jdbc.log4j2                          : 
|---|-----------|-----|---------------------|--------|---------|--------|----------------------|
|id |name       |type |addr                 |lat     |lng      |img     |regdate               |
|---|-----------|-----|---------------------|--------|---------|--------|----------------------|
|11 |GS25 호산리점  |20   |충청남도 아산시 탕정면 호산리 301 |36.8096 |127.0764 |ss4.jpg |2025-09-03 20:49:02.0 |
|12 |CU 호산리점    |20   |충청남도 아산시 탕정면 호산리 302 |36.8098 |127.0761 |ss5.jpg |2025-09-03 20:49:02.0 |
|13 |이마트24 호산리점 |20   |충청남도 아산시 탕정면 호산리 303 |36.8092 |127.0772 |ss6.jpg |2025-09-03 20:49:02.0 |
|14 |세븐일레븐 호산리점 |20   |충청남도 아산시 탕정면 호산리 304 |36.8088 |127.0767 |ss7.jpg |2025-09-03 20:49:02.0 |
|15 |미니스톱 호산리점  |20   |충청남도 아산시 탕정면 호산리 305 |36.8094 |127.0758 |ss1.jpg |2025-09-03 20:49:02.0 |
|---|-----------|-----|---------------------|--------|---------|--------|----------------------|

2025-09-09T13:30:35.623+09:00  INFO 23124 --- [    Test worker] log4jdbc.log4j2                          : 1. ResultSet.next() returned false
2025-09-09T13:30:35.623+09:00  INFO 23124 --- [    Test worker] log4jdbc.log4j2                          : 1. ResultSet.close() returned void
2025-09-09T13:30:35.623+09:00  INFO 23124 --- [    Test worker] log4jdbc.log4j2                          : 1. Connection.getMetaData() returned com.mysql.cj.jdbc.DatabaseMetaDataInformationSchema@7a74672
2025-09-09T13:30:35.623+09:00  INFO 23124 --- [    Test worker] log4jdbc.log4j2                          : 1. PreparedStatement.getMoreResults() returned false
2025-09-09T13:30:35.623+09:00  INFO 23124 --- [    Test worker] log4jdbc.log4j2                          : 1. PreparedStatement.getUpdateCount() returned -1
2025-09-09T13:30:35.623+09:00  INFO 23124 --- [    Test worker] log4jdbc.log4j2                          : 1. PreparedStatement.close() returned 
2025-09-09T13:30:35.623+09:00  INFO 23124 --- [    Test worker] log4jdbc.log4j2                          : 1. Connection.clearWarnings() returned 
=== 검색 결과 ===
11 | GS25 호산리점 | 충청남도 아산시 탕정면 호산리 301 | 36.8096,127.0764
12 | CU 호산리점 | 충청남도 아산시 탕정면 호산리 302 | 36.8098,127.0761
13 | 이마트24 호산리점 | 충청남도 아산시 탕정면 호산리 303 | 36.8092,127.0772
14 | 세븐일레븐 호산리점 | 충청남도 아산시 탕정면 호산리 304 | 36.8088,127.0767
15 | 미니스톱 호산리점 | 충청남도 아산시 탕정면 호산리 305 | 36.8094,127.0758
================
]]></system-out>
  <system-err><![CDATA[]]></system-err>
</testsuite>
