<?xml version="1.0" encoding="UTF-8"?>
<testsuite name="edu.sm.marker.SelectTest" tests="1" skipped="0" failures="0" errors="0" timestamp="2025-09-09T04:30:35.526Z" hostname="HOHO" time="0.071">
  <properties/>
  <testcase name="contextLoads()" classname="edu.sm.marker.SelectTest" time="0.071"/>
  <system-out><![CDATA[2025-09-09T13:30:35.501+09:00  INFO 23124 --- [    Test worker] t.c.s.AnnotationConfigContextLoaderUtils : Could not detect default configuration classes for test class [edu.sm.marker.SelectTest]: SelectTest does not declare any static, non-private, non-final, nested classes annotated with @Configuration.
2025-09-09T13:30:35.517+09:00  INFO 23124 --- [    Test worker] .b.t.c.SpringBootTestContextBootstrapper : Found @SpringBootConfiguration edu.sm.ShopApplication for test class edu.sm.marker.SelectTest
2025-09-09T13:30:35.517+09:00  INFO 23124 --- [onnection adder] log4jdbc.log4j2                          : 6. Connection opened. {executed in 0ms} 
2025-09-09T13:30:35.517+09:00  INFO 23124 --- [onnection adder] log4jdbc.log4j2                          : 6. Connection.new Connection returned 
2025-09-09T13:30:35.517+09:00  INFO 23124 --- [onnection adder] log4jdbc.log4j2                          : 6. Connection.isReadOnly() returned false
2025-09-09T13:30:35.517+09:00  INFO 23124 --- [onnection adder] log4jdbc.log4j2                          : 6. Connection.getAutoCommit() returned true
2025-09-09T13:30:35.517+09:00  INFO 23124 --- [    Test worker] edu.sm.marker.SelectTest                 : selectAll start-----------------
2025-09-09T13:30:35.517+09:00  INFO 23124 --- [    Test worker] log4jdbc.log4j2                          : 1. Connection.getAutoCommit() returned true
2025-09-09T13:30:35.517+09:00  INFO 23124 --- [    Test worker] log4jdbc.log4j2                          : 1. PreparedStatement.new PreparedStatement returned 
2025-09-09T13:30:35.517+09:00  INFO 23124 --- [    Test worker] log4jdbc.log4j2                          : 1. Connection.prepareStatement(SELECT * FROM marker) returned net.sf.log4jdbc.sql.jdbcapi.PreparedStatementSpy@3cd28235
2025-09-09T13:30:35.550+09:00  INFO 23124 --- [    Test worker] log4jdbc.log4j2                          : 1. SELECT * FROM marker  {executed in 33 ms}
2025-09-09T13:30:35.550+09:00  INFO 23124 --- [    Test worker] log4jdbc.log4j2                          : 1. PreparedStatement.execute() returned true
2025-09-09T13:30:35.550+09:00  INFO 23124 --- [    Test worker] log4jdbc.log4j2                          : 1. ResultSet.new ResultSet returned 
2025-09-09T13:30:35.550+09:00  INFO 23124 --- [    Test worker] log4jdbc.log4j2                          : 1. PreparedStatement.getResultSet() returned net.sf.log4jdbc.sql.jdbcapi.ResultSetSpy@75312c94
2025-09-09T13:30:35.551+09:00  INFO 23124 --- [    Test worker] log4jdbc.log4j2                          : 1. ResultSet.getMetaData() returned com.mysql.cj.jdbc.result.ResultSetMetaData@140cfc5f - Field level information: 
	com.mysql.cj.result.Field@6b063695[dbName=shopdb,tableName=marker,originalTableName=marker,columnName=target,originalColumnName=target,mysqlType=3(FIELD_TYPE_INT),sqlType=4,flags= PRIMARY_KEY, charsetIndex=63, charsetName=ISO-8859-1]
	com.mysql.cj.result.Field@43edd2ea[dbName=shopdb,tableName=marker,originalTableName=marker,columnName=title,originalColumnName=title,mysqlType=253(FIELD_TYPE_VARCHAR),sqlType=12,flags=, charsetIndex=255, charsetName=utf8]
	com.mysql.cj.result.Field@3fc4038f[dbName=shopdb,tableName=marker,originalTableName=marker,columnName=img,originalColumnName=img,mysqlType=253(FIELD_TYPE_VARCHAR),sqlType=12,flags=, charsetIndex=255, charsetName=utf8]
	com.mysql.cj.result.Field@4cd9ee2c[dbName=shopdb,tableName=marker,originalTableName=marker,columnName=lat,originalColumnName=lat,mysqlType=4(FIELD_TYPE_FLOAT),sqlType=7,flags=, charsetIndex=63, charsetName=ISO-8859-1]
	com.mysql.cj.result.Field@1631dbbc[dbName=shopdb,tableName=marker,originalTableName=marker,columnName=lng,originalColumnName=lng,mysqlType=4(FIELD_TYPE_FLOAT),sqlType=7,flags=, charsetIndex=63, charsetName=ISO-8859-1]
	com.mysql.cj.result.Field@3b663112[dbName=shopdb,tableName=marker,originalTableName=marker,columnName=loc,originalColumnName=loc,mysqlType=3(FIELD_TYPE_INT),sqlType=4,flags=, charsetIndex=63, charsetName=ISO-8859-1]
2025-09-09T13:30:35.551+09:00  INFO 23124 --- [    Test worker] log4jdbc.log4j2                          : 1. ResultSet.getType() returned 1003
2025-09-09T13:30:35.551+09:00  INFO 23124 --- [    Test worker] log4jdbc.log4j2                          : 1. ResultSet.isClosed() returned false
2025-09-09T13:30:35.551+09:00  INFO 23124 --- [    Test worker] log4jdbc.log4j2                          : 1. ResultSet.next() returned true
2025-09-09T13:30:35.551+09:00  INFO 23124 --- [    Test worker] log4jdbc.log4j2                          : 1. ResultSet.getInt(target) returned 101
2025-09-09T13:30:35.552+09:00  INFO 23124 --- [    Test worker] log4jdbc.log4j2                          : 1. ResultSet.getString(title) returned 순대국1
2025-09-09T13:30:35.552+09:00  INFO 23124 --- [    Test worker] log4jdbc.log4j2                          : 1. ResultSet.getString(img) returned ss1.jpg
2025-09-09T13:30:35.552+09:00  INFO 23124 --- [    Test worker] log4jdbc.log4j2                          : 1. ResultSet.getDouble(lat) returned 37.5645
2025-09-09T13:30:35.552+09:00  INFO 23124 --- [    Test worker] log4jdbc.log4j2                          : 1. ResultSet.getDouble(lng) returned 126.991
2025-09-09T13:30:35.552+09:00  INFO 23124 --- [    Test worker] log4jdbc.log4j2                          : 1. ResultSet.getInt(loc) returned 100
2025-09-09T13:30:35.552+09:00  INFO 23124 --- [    Test worker] log4jdbc.log4j2                          : 1. ResultSet.isClosed() returned false
2025-09-09T13:30:35.552+09:00  INFO 23124 --- [    Test worker] log4jdbc.log4j2                          : 1. ResultSet.next() returned true
2025-09-09T13:30:35.553+09:00  INFO 23124 --- [    Test worker] log4jdbc.log4j2                          : 1. ResultSet.getInt(target) returned 102
2025-09-09T13:30:35.553+09:00  INFO 23124 --- [    Test worker] log4jdbc.log4j2                          : 1. ResultSet.getString(title) returned 순대국2
2025-09-09T13:30:35.553+09:00  INFO 23124 --- [    Test worker] log4jdbc.log4j2                          : 1. ResultSet.getString(img) returned ss2.jpg
2025-09-09T13:30:35.553+09:00  INFO 23124 --- [    Test worker] log4jdbc.log4j2                          : 1. ResultSet.getDouble(lat) returned 37.5445
2025-09-09T13:30:35.553+09:00  INFO 23124 --- [    Test worker] log4jdbc.log4j2                          : 1. ResultSet.getDouble(lng) returned 126.971
2025-09-09T13:30:35.553+09:00  INFO 23124 --- [    Test worker] log4jdbc.log4j2                          : 1. ResultSet.getInt(loc) returned 100
2025-09-09T13:30:35.553+09:00  INFO 23124 --- [    Test worker] log4jdbc.log4j2                          : 1. ResultSet.isClosed() returned false
2025-09-09T13:30:35.553+09:00  INFO 23124 --- [    Test worker] log4jdbc.log4j2                          : 1. ResultSet.next() returned true
2025-09-09T13:30:35.553+09:00  INFO 23124 --- [    Test worker] log4jdbc.log4j2                          : 1. ResultSet.getInt(target) returned 103
2025-09-09T13:30:35.553+09:00  INFO 23124 --- [    Test worker] log4jdbc.log4j2                          : 1. ResultSet.getString(title) returned 순대국3
2025-09-09T13:30:35.553+09:00  INFO 23124 --- [    Test worker] log4jdbc.log4j2                          : 1. ResultSet.getString(img) returned ss3.jpg
2025-09-09T13:30:35.554+09:00  INFO 23124 --- [    Test worker] log4jdbc.log4j2                          : 1. ResultSet.getDouble(lat) returned 37.5645
2025-09-09T13:30:35.554+09:00  INFO 23124 --- [    Test worker] log4jdbc.log4j2                          : 1. ResultSet.getDouble(lng) returned 126.971
2025-09-09T13:30:35.554+09:00  INFO 23124 --- [    Test worker] log4jdbc.log4j2                          : 1. ResultSet.getInt(loc) returned 100
2025-09-09T13:30:35.554+09:00  INFO 23124 --- [    Test worker] log4jdbc.log4j2                          : 1. ResultSet.isClosed() returned false
2025-09-09T13:30:35.554+09:00  INFO 23124 --- [    Test worker] log4jdbc.log4j2                          : 1. ResultSet.next() returned true
2025-09-09T13:30:35.554+09:00  INFO 23124 --- [    Test worker] log4jdbc.log4j2                          : 1. ResultSet.getInt(target) returned 104
2025-09-09T13:30:35.554+09:00  INFO 23124 --- [    Test worker] log4jdbc.log4j2                          : 1. ResultSet.getString(title) returned 순대국4
2025-09-09T13:30:35.554+09:00  INFO 23124 --- [    Test worker] log4jdbc.log4j2                          : 1. ResultSet.getString(img) returned ss4.jpg
2025-09-09T13:30:35.554+09:00  INFO 23124 --- [    Test worker] log4jdbc.log4j2                          : 1. ResultSet.getDouble(lat) returned 37.5655
2025-09-09T13:30:35.554+09:00  INFO 23124 --- [    Test worker] log4jdbc.log4j2                          : 1. ResultSet.getDouble(lng) returned 126.981
2025-09-09T13:30:35.554+09:00  INFO 23124 --- [    Test worker] log4jdbc.log4j2                          : 1. ResultSet.getInt(loc) returned 100
2025-09-09T13:30:35.554+09:00  INFO 23124 --- [    Test worker] log4jdbc.log4j2                          : 1. ResultSet.isClosed() returned false
2025-09-09T13:30:35.554+09:00  INFO 23124 --- [    Test worker] log4jdbc.log4j2                          : 1. ResultSet.next() returned true
2025-09-09T13:30:35.554+09:00  INFO 23124 --- [    Test worker] log4jdbc.log4j2                          : 1. ResultSet.getInt(target) returned 105
2025-09-09T13:30:35.555+09:00  INFO 23124 --- [    Test worker] log4jdbc.log4j2                          : 1. ResultSet.getString(title) returned 순대국5
2025-09-09T13:30:35.555+09:00  INFO 23124 --- [    Test worker] log4jdbc.log4j2                          : 1. ResultSet.getString(img) returned ss5.jpg
2025-09-09T13:30:35.555+09:00  INFO 23124 --- [    Test worker] log4jdbc.log4j2                          : 1. ResultSet.getDouble(lat) returned 37.5635
2025-09-09T13:30:35.555+09:00  INFO 23124 --- [    Test worker] log4jdbc.log4j2                          : 1. ResultSet.getDouble(lng) returned 126.975
2025-09-09T13:30:35.555+09:00  INFO 23124 --- [    Test worker] log4jdbc.log4j2                          : 1. ResultSet.getInt(loc) returned 100
2025-09-09T13:30:35.555+09:00  INFO 23124 --- [    Test worker] log4jdbc.log4j2                          : 1. ResultSet.isClosed() returned false
2025-09-09T13:30:35.555+09:00  INFO 23124 --- [    Test worker] log4jdbc.log4j2                          : 1. ResultSet.next() returned true
2025-09-09T13:30:35.555+09:00  INFO 23124 --- [    Test worker] log4jdbc.log4j2                          : 1. ResultSet.getInt(target) returned 106
2025-09-09T13:30:35.556+09:00  INFO 23124 --- [    Test worker] log4jdbc.log4j2                          : 1. ResultSet.getString(title) returned 순대국6
2025-09-09T13:30:35.556+09:00  INFO 23124 --- [    Test worker] log4jdbc.log4j2                          : 1. ResultSet.getString(img) returned ss6.jpg
2025-09-09T13:30:35.556+09:00  INFO 23124 --- [    Test worker] log4jdbc.log4j2                          : 1. ResultSet.getDouble(lat) returned 37.5655
2025-09-09T13:30:35.556+09:00  INFO 23124 --- [    Test worker] log4jdbc.log4j2                          : 1. ResultSet.getDouble(lng) returned 126.973
2025-09-09T13:30:35.556+09:00  INFO 23124 --- [    Test worker] log4jdbc.log4j2                          : 1. ResultSet.getInt(loc) returned 100
2025-09-09T13:30:35.556+09:00  INFO 23124 --- [    Test worker] log4jdbc.log4j2                          : 1. ResultSet.isClosed() returned false
2025-09-09T13:30:35.556+09:00  INFO 23124 --- [    Test worker] log4jdbc.log4j2                          : 1. ResultSet.next() returned true
2025-09-09T13:30:35.556+09:00  INFO 23124 --- [    Test worker] log4jdbc.log4j2                          : 1. ResultSet.getInt(target) returned 107
2025-09-09T13:30:35.556+09:00  INFO 23124 --- [    Test worker] log4jdbc.log4j2                          : 1. ResultSet.getString(title) returned 순대국7
2025-09-09T13:30:35.556+09:00  INFO 23124 --- [    Test worker] log4jdbc.log4j2                          : 1. ResultSet.getString(img) returned ss7.jpg
2025-09-09T13:30:35.557+09:00  INFO 23124 --- [    Test worker] log4jdbc.log4j2                          : 1. ResultSet.getDouble(lat) returned 37.5665
2025-09-09T13:30:35.557+09:00  INFO 23124 --- [    Test worker] log4jdbc.log4j2                          : 1. ResultSet.getDouble(lng) returned 126.972
2025-09-09T13:30:35.557+09:00  INFO 23124 --- [    Test worker] log4jdbc.log4j2                          : 1. ResultSet.getInt(loc) returned 100
2025-09-09T13:30:35.557+09:00  INFO 23124 --- [    Test worker] log4jdbc.log4j2                          : 1. ResultSet.isClosed() returned false
2025-09-09T13:30:35.557+09:00  INFO 23124 --- [    Test worker] log4jdbc.log4j2                          : 1. ResultSet.next() returned true
2025-09-09T13:30:35.557+09:00  INFO 23124 --- [    Test worker] log4jdbc.log4j2                          : 1. ResultSet.getInt(target) returned 201
2025-09-09T13:30:35.557+09:00  INFO 23124 --- [    Test worker] log4jdbc.log4j2                          : 1. ResultSet.getString(title) returned 순대국1
2025-09-09T13:30:35.558+09:00  INFO 23124 --- [    Test worker] log4jdbc.log4j2                          : 1. ResultSet.getString(img) returned ss1.jpg
2025-09-09T13:30:35.558+09:00  INFO 23124 --- [    Test worker] log4jdbc.log4j2                          : 1. ResultSet.getDouble(lat) returned 35.1761
2025-09-09T13:30:35.558+09:00  INFO 23124 --- [    Test worker] log4jdbc.log4j2                          : 1. ResultSet.getDouble(lng) returned 129.165
2025-09-09T13:30:35.558+09:00  INFO 23124 --- [    Test worker] log4jdbc.log4j2                          : 1. ResultSet.getInt(loc) returned 200
2025-09-09T13:30:35.558+09:00  INFO 23124 --- [    Test worker] log4jdbc.log4j2                          : 1. ResultSet.isClosed() returned false
2025-09-09T13:30:35.558+09:00  INFO 23124 --- [    Test worker] log4jdbc.log4j2                          : 1. ResultSet.next() returned true
2025-09-09T13:30:35.558+09:00  INFO 23124 --- [    Test worker] log4jdbc.log4j2                          : 1. ResultSet.getInt(target) returned 202
2025-09-09T13:30:35.558+09:00  INFO 23124 --- [    Test worker] log4jdbc.log4j2                          : 1. ResultSet.getString(title) returned 순대국2
2025-09-09T13:30:35.558+09:00  INFO 23124 --- [    Test worker] log4jdbc.log4j2                          : 1. ResultSet.getString(img) returned ss2.jpg
2025-09-09T13:30:35.558+09:00  INFO 23124 --- [    Test worker] log4jdbc.log4j2                          : 1. ResultSet.getDouble(lat) returned 35.1711
2025-09-09T13:30:35.558+09:00  INFO 23124 --- [    Test worker] log4jdbc.log4j2                          : 1. ResultSet.getDouble(lng) returned 129.174
2025-09-09T13:30:35.559+09:00  INFO 23124 --- [    Test worker] log4jdbc.log4j2                          : 1. ResultSet.getInt(loc) returned 200
2025-09-09T13:30:35.559+09:00  INFO 23124 --- [    Test worker] log4jdbc.log4j2                          : 1. ResultSet.isClosed() returned false
2025-09-09T13:30:35.559+09:00  INFO 23124 --- [    Test worker] log4jdbc.log4j2                          : 1. ResultSet.next() returned true
2025-09-09T13:30:35.559+09:00  INFO 23124 --- [    Test worker] log4jdbc.log4j2                          : 1. ResultSet.getInt(target) returned 203
2025-09-09T13:30:35.559+09:00  INFO 23124 --- [    Test worker] log4jdbc.log4j2                          : 1. ResultSet.getString(title) returned 순대국3
2025-09-09T13:30:35.559+09:00  INFO 23124 --- [    Test worker] log4jdbc.log4j2                          : 1. ResultSet.getString(img) returned ss3.jpg
2025-09-09T13:30:35.559+09:00  INFO 23124 --- [    Test worker] log4jdbc.log4j2                          : 1. ResultSet.getDouble(lat) returned 35.1791
2025-09-09T13:30:35.559+09:00  INFO 23124 --- [    Test worker] log4jdbc.log4j2                          : 1. ResultSet.getDouble(lng) returned 129.172
2025-09-09T13:30:35.559+09:00  INFO 23124 --- [    Test worker] log4jdbc.log4j2                          : 1. ResultSet.getInt(loc) returned 200
2025-09-09T13:30:35.559+09:00  INFO 23124 --- [    Test worker] log4jdbc.log4j2                          : 1. ResultSet.isClosed() returned false
2025-09-09T13:30:35.559+09:00  INFO 23124 --- [    Test worker] log4jdbc.log4j2                          : 1. ResultSet.next() returned true
2025-09-09T13:30:35.559+09:00  INFO 23124 --- [    Test worker] log4jdbc.log4j2                          : 1. ResultSet.getInt(target) returned 204
2025-09-09T13:30:35.559+09:00  INFO 23124 --- [    Test worker] log4jdbc.log4j2                          : 1. ResultSet.getString(title) returned 순대국4
2025-09-09T13:30:35.559+09:00  INFO 23124 --- [    Test worker] log4jdbc.log4j2                          : 1. ResultSet.getString(img) returned ss4.jpg
2025-09-09T13:30:35.559+09:00  INFO 23124 --- [    Test worker] log4jdbc.log4j2                          : 1. ResultSet.getDouble(lat) returned 35.1731
2025-09-09T13:30:35.559+09:00  INFO 23124 --- [    Test worker] log4jdbc.log4j2                          : 1. ResultSet.getDouble(lng) returned 129.166
2025-09-09T13:30:35.559+09:00  INFO 23124 --- [    Test worker] log4jdbc.log4j2                          : 1. ResultSet.getInt(loc) returned 200
2025-09-09T13:30:35.559+09:00  INFO 23124 --- [    Test worker] log4jdbc.log4j2                          : 1. ResultSet.isClosed() returned false
2025-09-09T13:30:35.560+09:00  INFO 23124 --- [    Test worker] log4jdbc.log4j2                          : 1. ResultSet.next() returned true
2025-09-09T13:30:35.560+09:00  INFO 23124 --- [    Test worker] log4jdbc.log4j2                          : 1. ResultSet.getInt(target) returned 301
2025-09-09T13:30:35.560+09:00  INFO 23124 --- [    Test worker] log4jdbc.log4j2                          : 1. ResultSet.getString(title) returned 순대국1
2025-09-09T13:30:35.560+09:00  INFO 23124 --- [    Test worker] log4jdbc.log4j2                          : 1. ResultSet.getString(img) returned ss1.jpg
2025-09-09T13:30:35.560+09:00  INFO 23124 --- [    Test worker] log4jdbc.log4j2                          : 1. ResultSet.getDouble(lat) returned 33.2516
2025-09-09T13:30:35.560+09:00  INFO 23124 --- [    Test worker] log4jdbc.log4j2                          : 1. ResultSet.getDouble(lng) returned 126.416
2025-09-09T13:30:35.560+09:00  INFO 23124 --- [    Test worker] log4jdbc.log4j2                          : 1. ResultSet.getInt(loc) returned 300
2025-09-09T13:30:35.560+09:00  INFO 23124 --- [    Test worker] log4jdbc.log4j2                          : 1. ResultSet.isClosed() returned false
2025-09-09T13:30:35.560+09:00  INFO 23124 --- [    Test worker] log4jdbc.log4j2                          : 1. ResultSet.next() returned true
2025-09-09T13:30:35.560+09:00  INFO 23124 --- [    Test worker] log4jdbc.log4j2                          : 1. ResultSet.getInt(target) returned 302
2025-09-09T13:30:35.560+09:00  INFO 23124 --- [    Test worker] log4jdbc.log4j2                          : 1. ResultSet.getString(title) returned 순대국2
2025-09-09T13:30:35.560+09:00  INFO 23124 --- [    Test worker] log4jdbc.log4j2                          : 1. ResultSet.getString(img) returned ss2.jpg
2025-09-09T13:30:35.560+09:00  INFO 23124 --- [    Test worker] log4jdbc.log4j2                          : 1. ResultSet.getDouble(lat) returned 33.2606
2025-09-09T13:30:35.560+09:00  INFO 23124 --- [    Test worker] log4jdbc.log4j2                          : 1. ResultSet.getDouble(lng) returned 126.412
2025-09-09T13:30:35.560+09:00  INFO 23124 --- [    Test worker] log4jdbc.log4j2                          : 1. ResultSet.getInt(loc) returned 300
2025-09-09T13:30:35.560+09:00  INFO 23124 --- [    Test worker] log4jdbc.log4j2                          : 1. ResultSet.isClosed() returned false
2025-09-09T13:30:35.560+09:00  INFO 23124 --- [    Test worker] log4jdbc.log4j2                          : 1. ResultSet.next() returned true
2025-09-09T13:30:35.560+09:00  INFO 23124 --- [    Test worker] log4jdbc.log4j2                          : 1. ResultSet.getInt(target) returned 303
2025-09-09T13:30:35.561+09:00  INFO 23124 --- [    Test worker] log4jdbc.log4j2                          : 1. ResultSet.getString(title) returned 순대국3
2025-09-09T13:30:35.561+09:00  INFO 23124 --- [    Test worker] log4jdbc.log4j2                          : 1. ResultSet.getString(img) returned ss3.jpg
2025-09-09T13:30:35.561+09:00  INFO 23124 --- [    Test worker] log4jdbc.log4j2                          : 1. ResultSet.getDouble(lat) returned 33.2586
2025-09-09T13:30:35.561+09:00  INFO 23124 --- [    Test worker] log4jdbc.log4j2                          : 1. ResultSet.getDouble(lng) returned 126.421
2025-09-09T13:30:35.561+09:00  INFO 23124 --- [    Test worker] log4jdbc.log4j2                          : 1. ResultSet.getInt(loc) returned 300
2025-09-09T13:30:35.561+09:00  INFO 23124 --- [    Test worker] log4jdbc.log4j2                          : 1. ResultSet.isClosed() returned false
2025-09-09T13:30:35.561+09:00  INFO 23124 --- [    Test worker] log4jdbc.log4j2                          : 1. ResultSet.next() returned true
2025-09-09T13:30:35.561+09:00  INFO 23124 --- [    Test worker] log4jdbc.log4j2                          : 1. ResultSet.getInt(target) returned 304
2025-09-09T13:30:35.561+09:00  INFO 23124 --- [    Test worker] log4jdbc.log4j2                          : 1. ResultSet.getString(title) returned 순대국4
2025-09-09T13:30:35.561+09:00  INFO 23124 --- [    Test worker] log4jdbc.log4j2                          : 1. ResultSet.getString(img) returned ss4.jpg
2025-09-09T13:30:35.561+09:00  INFO 23124 --- [    Test worker] log4jdbc.log4j2                          : 1. ResultSet.getDouble(lat) returned 33.2616
2025-09-09T13:30:35.561+09:00  INFO 23124 --- [    Test worker] log4jdbc.log4j2                          : 1. ResultSet.getDouble(lng) returned 126.415
2025-09-09T13:30:35.561+09:00  INFO 23124 --- [    Test worker] log4jdbc.log4j2                          : 1. ResultSet.getInt(loc) returned 300
2025-09-09T13:30:35.561+09:00  INFO 23124 --- [    Test worker] log4jdbc.log4j2                          : 1. ResultSet.isClosed() returned false
2025-09-09T13:30:35.561+09:00  INFO 23124 --- [    Test worker] log4jdbc.log4j2                          : 
|-------|------|--------|--------|--------|----|
|target |title |img     |lat     |lng     |loc |
|-------|------|--------|--------|--------|----|
|101    |순대국1  |ss1.jpg |37.5645 |126.991 |100 |
|102    |순대국2  |ss2.jpg |37.5445 |126.971 |100 |
|103    |순대국3  |ss3.jpg |37.5645 |126.971 |100 |
|104    |순대국4  |ss4.jpg |37.5655 |126.981 |100 |
|105    |순대국5  |ss5.jpg |37.5635 |126.975 |100 |
|106    |순대국6  |ss6.jpg |37.5655 |126.973 |100 |
|107    |순대국7  |ss7.jpg |37.5665 |126.972 |100 |
|201    |순대국1  |ss1.jpg |35.1761 |129.165 |200 |
|202    |순대국2  |ss2.jpg |35.1711 |129.174 |200 |
|203    |순대국3  |ss3.jpg |35.1791 |129.172 |200 |
|204    |순대국4  |ss4.jpg |35.1731 |129.166 |200 |
|301    |순대국1  |ss1.jpg |33.2516 |126.416 |300 |
|302    |순대국2  |ss2.jpg |33.2606 |126.412 |300 |
|303    |순대국3  |ss3.jpg |33.2586 |126.421 |300 |
|304    |순대국4  |ss4.jpg |33.2616 |126.415 |300 |
|-------|------|--------|--------|--------|----|

2025-09-09T13:30:35.561+09:00  INFO 23124 --- [    Test worker] log4jdbc.log4j2                          : 1. ResultSet.next() returned false
2025-09-09T13:30:35.561+09:00  INFO 23124 --- [    Test worker] log4jdbc.log4j2                          : 1. ResultSet.close() returned void
2025-09-09T13:30:35.561+09:00  INFO 23124 --- [    Test worker] log4jdbc.log4j2                          : 1. Connection.getMetaData() returned com.mysql.cj.jdbc.DatabaseMetaDataInformationSchema@359a2c96
2025-09-09T13:30:35.561+09:00  INFO 23124 --- [    Test worker] log4jdbc.log4j2                          : 1. PreparedStatement.getMoreResults() returned false
2025-09-09T13:30:35.561+09:00  INFO 23124 --- [    Test worker] log4jdbc.log4j2                          : 1. PreparedStatement.getUpdateCount() returned -1
2025-09-09T13:30:35.561+09:00  INFO 23124 --- [    Test worker] log4jdbc.log4j2                          : 1. PreparedStatement.close() returned 
2025-09-09T13:30:35.561+09:00  INFO 23124 --- [    Test worker] log4jdbc.log4j2                          : 1. Connection.clearWarnings() returned 
2025-09-09T13:30:35.561+09:00  INFO 23124 --- [onnection adder] log4jdbc.log4j2                          : 7. Connection opened. {executed in 0ms} 
2025-09-09T13:30:35.561+09:00  INFO 23124 --- [onnection adder] log4jdbc.log4j2                          : 7. Connection.new Connection returned 
2025-09-09T13:30:35.561+09:00  INFO 23124 --- [onnection adder] log4jdbc.log4j2                          : 7. Connection.isReadOnly() returned false
2025-09-09T13:30:35.561+09:00  INFO 23124 --- [onnection adder] log4jdbc.log4j2                          : 7. Connection.getAutoCommit() returned true
Marker(target=101, title=순대국1, img=ss1.jpg, lat=37.5645, lng=126.991, loc=100)
Marker(target=102, title=순대국2, img=ss2.jpg, lat=37.5445, lng=126.971, loc=100)
Marker(target=103, title=순대국3, img=ss3.jpg, lat=37.5645, lng=126.971, loc=100)
Marker(target=104, title=순대국4, img=ss4.jpg, lat=37.5655, lng=126.981, loc=100)
Marker(target=105, title=순대국5, img=ss5.jpg, lat=37.5635, lng=126.975, loc=100)
Marker(target=106, title=순대국6, img=ss6.jpg, lat=37.5655, lng=126.973, loc=100)
Marker(target=107, title=순대국7, img=ss7.jpg, lat=37.5665, lng=126.972, loc=100)
Marker(target=201, title=순대국1, img=ss1.jpg, lat=35.1761, lng=129.165, loc=200)
Marker(target=202, title=순대국2, img=ss2.jpg, lat=35.1711, lng=129.174, loc=200)
Marker(target=203, title=순대국3, img=ss3.jpg, lat=35.1791, lng=129.172, loc=200)
Marker(target=204, title=순대국4, img=ss4.jpg, lat=35.1731, lng=129.166, loc=200)
Marker(target=301, title=순대국1, img=ss1.jpg, lat=33.2516, lng=126.416, loc=300)
Marker(target=302, title=순대국2, img=ss2.jpg, lat=33.2606, lng=126.412, loc=300)
Marker(target=303, title=순대국3, img=ss3.jpg, lat=33.2586, lng=126.421, loc=300)
Marker(target=304, title=순대국4, img=ss4.jpg, lat=33.2616, lng=126.415, loc=300)
2025-09-09T13:30:35.577+09:00  INFO 23124 --- [    Test worker] edu.sm.marker.SelectTest                 : select start-----------------
2025-09-09T13:30:35.577+09:00  INFO 23124 --- [    Test worker] log4jdbc.log4j2                          : 1. Connection.getAutoCommit() returned true
2025-09-09T13:30:35.577+09:00  INFO 23124 --- [    Test worker] log4jdbc.log4j2                          : 1. PreparedStatement.new PreparedStatement returned 
2025-09-09T13:30:35.577+09:00  INFO 23124 --- [    Test worker] log4jdbc.log4j2                          : 1. Connection.prepareStatement(SELECT * FROM marker WHERE target=?) returned net.sf.log4jdbc.sql.jdbcapi.PreparedStatementSpy@17d45cfb
2025-09-09T13:30:35.577+09:00  INFO 23124 --- [    Test worker] log4jdbc.log4j2                          : 1. PreparedStatement.setInt(1, 101) returned 
2025-09-09T13:30:35.577+09:00  INFO 23124 --- [    Test worker] log4jdbc.log4j2                          : 1. SELECT * FROM marker WHERE target=101  {executed in 0 ms}
2025-09-09T13:30:35.577+09:00  INFO 23124 --- [    Test worker] log4jdbc.log4j2                          : 1. PreparedStatement.execute() returned true
2025-09-09T13:30:35.577+09:00  INFO 23124 --- [    Test worker] log4jdbc.log4j2                          : 1. ResultSet.new ResultSet returned 
2025-09-09T13:30:35.577+09:00  INFO 23124 --- [    Test worker] log4jdbc.log4j2                          : 1. PreparedStatement.getResultSet() returned net.sf.log4jdbc.sql.jdbcapi.ResultSetSpy@10f192d8
2025-09-09T13:30:35.577+09:00  INFO 23124 --- [    Test worker] log4jdbc.log4j2                          : 1. ResultSet.getMetaData() returned com.mysql.cj.jdbc.result.ResultSetMetaData@f0d01c9 - Field level information: 
	com.mysql.cj.result.Field@3c38e2bf[dbName=shopdb,tableName=marker,originalTableName=marker,columnName=target,originalColumnName=target,mysqlType=3(FIELD_TYPE_INT),sqlType=4,flags= PRIMARY_KEY, charsetIndex=63, charsetName=ISO-8859-1]
	com.mysql.cj.result.Field@205b73d8[dbName=shopdb,tableName=marker,originalTableName=marker,columnName=title,originalColumnName=title,mysqlType=253(FIELD_TYPE_VARCHAR),sqlType=12,flags=, charsetIndex=255, charsetName=utf8]
	com.mysql.cj.result.Field@3c205259[dbName=shopdb,tableName=marker,originalTableName=marker,columnName=img,originalColumnName=img,mysqlType=253(FIELD_TYPE_VARCHAR),sqlType=12,flags=, charsetIndex=255, charsetName=utf8]
	com.mysql.cj.result.Field@5bc40f5d[dbName=shopdb,tableName=marker,originalTableName=marker,columnName=lat,originalColumnName=lat,mysqlType=4(FIELD_TYPE_FLOAT),sqlType=7,flags=, charsetIndex=63, charsetName=ISO-8859-1]
	com.mysql.cj.result.Field@20923380[dbName=shopdb,tableName=marker,originalTableName=marker,columnName=lng,originalColumnName=lng,mysqlType=4(FIELD_TYPE_FLOAT),sqlType=7,flags=, charsetIndex=63, charsetName=ISO-8859-1]
	com.mysql.cj.result.Field@5b2c41f9[dbName=shopdb,tableName=marker,originalTableName=marker,columnName=loc,originalColumnName=loc,mysqlType=3(FIELD_TYPE_INT),sqlType=4,flags=, charsetIndex=63, charsetName=ISO-8859-1]
2025-09-09T13:30:35.577+09:00  INFO 23124 --- [    Test worker] log4jdbc.log4j2                          : 1. ResultSet.getType() returned 1003
2025-09-09T13:30:35.577+09:00  INFO 23124 --- [    Test worker] log4jdbc.log4j2                          : 1. ResultSet.isClosed() returned false
2025-09-09T13:30:35.577+09:00  INFO 23124 --- [    Test worker] log4jdbc.log4j2                          : 1. ResultSet.next() returned true
2025-09-09T13:30:35.577+09:00  INFO 23124 --- [    Test worker] log4jdbc.log4j2                          : 1. ResultSet.getInt(target) returned 101
2025-09-09T13:30:35.577+09:00  INFO 23124 --- [    Test worker] log4jdbc.log4j2                          : 1. ResultSet.getString(title) returned 순대국1
2025-09-09T13:30:35.577+09:00  INFO 23124 --- [    Test worker] log4jdbc.log4j2                          : 1. ResultSet.getString(img) returned ss1.jpg
2025-09-09T13:30:35.577+09:00  INFO 23124 --- [    Test worker] log4jdbc.log4j2                          : 1. ResultSet.getDouble(lat) returned 37.5645
2025-09-09T13:30:35.577+09:00  INFO 23124 --- [    Test worker] log4jdbc.log4j2                          : 1. ResultSet.getDouble(lng) returned 126.991
2025-09-09T13:30:35.577+09:00  INFO 23124 --- [    Test worker] log4jdbc.log4j2                          : 1. ResultSet.getInt(loc) returned 100
2025-09-09T13:30:35.577+09:00  INFO 23124 --- [    Test worker] log4jdbc.log4j2                          : 1. ResultSet.isClosed() returned false
2025-09-09T13:30:35.577+09:00  INFO 23124 --- [    Test worker] log4jdbc.log4j2                          : 
|-------|------|--------|--------|--------|----|
|target |title |img     |lat     |lng     |loc |
|-------|------|--------|--------|--------|----|
|101    |순대국1  |ss1.jpg |37.5645 |126.991 |100 |
|-------|------|--------|--------|--------|----|

2025-09-09T13:30:35.577+09:00  INFO 23124 --- [    Test worker] log4jdbc.log4j2                          : 1. ResultSet.next() returned false
2025-09-09T13:30:35.577+09:00  INFO 23124 --- [    Test worker] log4jdbc.log4j2                          : 1. ResultSet.close() returned void
2025-09-09T13:30:35.577+09:00  INFO 23124 --- [    Test worker] log4jdbc.log4j2                          : 1. Connection.getMetaData() returned com.mysql.cj.jdbc.DatabaseMetaDataInformationSchema@740fccd2
2025-09-09T13:30:35.577+09:00  INFO 23124 --- [    Test worker] log4jdbc.log4j2                          : 1. PreparedStatement.getMoreResults() returned false
2025-09-09T13:30:35.577+09:00  INFO 23124 --- [    Test worker] log4jdbc.log4j2                          : 1. PreparedStatement.getUpdateCount() returned -1
2025-09-09T13:30:35.577+09:00  INFO 23124 --- [    Test worker] log4jdbc.log4j2                          : 1. PreparedStatement.close() returned 
2025-09-09T13:30:35.577+09:00  INFO 23124 --- [    Test worker] log4jdbc.log4j2                          : 1. Connection.clearWarnings() returned 
2025-09-09T13:30:35.577+09:00  INFO 23124 --- [    Test worker] edu.sm.marker.SelectTest                 : Marker(target=101, title=순대국1, img=ss1.jpg, lat=37.5645, lng=126.991, loc=100)
2025-09-09T13:30:35.577+09:00  INFO 23124 --- [    Test worker] edu.sm.marker.SelectTest                 : findByLoc start-----------------
2025-09-09T13:30:35.577+09:00  INFO 23124 --- [    Test worker] log4jdbc.log4j2                          : 1. Connection.getAutoCommit() returned true
2025-09-09T13:30:35.577+09:00  INFO 23124 --- [    Test worker] log4jdbc.log4j2                          : 1. PreparedStatement.new PreparedStatement returned 
2025-09-09T13:30:35.577+09:00  INFO 23124 --- [    Test worker] log4jdbc.log4j2                          : 1. Connection.prepareStatement(SELECT * FROM marker WHERE loc=?) returned net.sf.log4jdbc.sql.jdbcapi.PreparedStatementSpy@1ae23815
2025-09-09T13:30:35.577+09:00  INFO 23124 --- [    Test worker] log4jdbc.log4j2                          : 1. PreparedStatement.setInt(1, 200) returned 
2025-09-09T13:30:35.577+09:00  INFO 23124 --- [    Test worker] log4jdbc.log4j2                          : 1. SELECT * FROM marker WHERE loc=200  {executed in 0 ms}
2025-09-09T13:30:35.577+09:00  INFO 23124 --- [    Test worker] log4jdbc.log4j2                          : 1. PreparedStatement.execute() returned true
2025-09-09T13:30:35.577+09:00  INFO 23124 --- [    Test worker] log4jdbc.log4j2                          : 1. ResultSet.new ResultSet returned 
2025-09-09T13:30:35.577+09:00  INFO 23124 --- [    Test worker] log4jdbc.log4j2                          : 1. PreparedStatement.getResultSet() returned net.sf.log4jdbc.sql.jdbcapi.ResultSetSpy@63ccb1b2
2025-09-09T13:30:35.577+09:00  INFO 23124 --- [    Test worker] log4jdbc.log4j2                          : 1. ResultSet.getMetaData() returned com.mysql.cj.jdbc.result.ResultSetMetaData@1165a952 - Field level information: 
	com.mysql.cj.result.Field@1b868ef0[dbName=shopdb,tableName=marker,originalTableName=marker,columnName=target,originalColumnName=target,mysqlType=3(FIELD_TYPE_INT),sqlType=4,flags= PRIMARY_KEY, charsetIndex=63, charsetName=ISO-8859-1]
	com.mysql.cj.result.Field@102f3f05[dbName=shopdb,tableName=marker,originalTableName=marker,columnName=title,originalColumnName=title,mysqlType=253(FIELD_TYPE_VARCHAR),sqlType=12,flags=, charsetIndex=255, charsetName=utf8]
	com.mysql.cj.result.Field@16e84d93[dbName=shopdb,tableName=marker,originalTableName=marker,columnName=img,originalColumnName=img,mysqlType=253(FIELD_TYPE_VARCHAR),sqlType=12,flags=, charsetIndex=255, charsetName=utf8]
	com.mysql.cj.result.Field@2a7b5925[dbName=shopdb,tableName=marker,originalTableName=marker,columnName=lat,originalColumnName=lat,mysqlType=4(FIELD_TYPE_FLOAT),sqlType=7,flags=, charsetIndex=63, charsetName=ISO-8859-1]
	com.mysql.cj.result.Field@5a5b394[dbName=shopdb,tableName=marker,originalTableName=marker,columnName=lng,originalColumnName=lng,mysqlType=4(FIELD_TYPE_FLOAT),sqlType=7,flags=, charsetIndex=63, charsetName=ISO-8859-1]
	com.mysql.cj.result.Field@6c9b6332[dbName=shopdb,tableName=marker,originalTableName=marker,columnName=loc,originalColumnName=loc,mysqlType=3(FIELD_TYPE_INT),sqlType=4,flags=, charsetIndex=63, charsetName=ISO-8859-1]
2025-09-09T13:30:35.577+09:00  INFO 23124 --- [    Test worker] log4jdbc.log4j2                          : 1. ResultSet.getType() returned 1003
2025-09-09T13:30:35.577+09:00  INFO 23124 --- [    Test worker] log4jdbc.log4j2                          : 1. ResultSet.isClosed() returned false
2025-09-09T13:30:35.577+09:00  INFO 23124 --- [    Test worker] log4jdbc.log4j2                          : 1. ResultSet.next() returned true
2025-09-09T13:30:35.577+09:00  INFO 23124 --- [    Test worker] log4jdbc.log4j2                          : 1. ResultSet.getInt(target) returned 201
2025-09-09T13:30:35.577+09:00  INFO 23124 --- [    Test worker] log4jdbc.log4j2                          : 1. ResultSet.getString(title) returned 순대국1
2025-09-09T13:30:35.577+09:00  INFO 23124 --- [    Test worker] log4jdbc.log4j2                          : 1. ResultSet.getString(img) returned ss1.jpg
2025-09-09T13:30:35.577+09:00  INFO 23124 --- [    Test worker] log4jdbc.log4j2                          : 1. ResultSet.getDouble(lat) returned 35.1761
2025-09-09T13:30:35.577+09:00  INFO 23124 --- [    Test worker] log4jdbc.log4j2                          : 1. ResultSet.getDouble(lng) returned 129.165
2025-09-09T13:30:35.577+09:00  INFO 23124 --- [    Test worker] log4jdbc.log4j2                          : 1. ResultSet.getInt(loc) returned 200
2025-09-09T13:30:35.577+09:00  INFO 23124 --- [    Test worker] log4jdbc.log4j2                          : 1. ResultSet.isClosed() returned false
2025-09-09T13:30:35.577+09:00  INFO 23124 --- [    Test worker] log4jdbc.log4j2                          : 1. ResultSet.next() returned true
2025-09-09T13:30:35.577+09:00  INFO 23124 --- [    Test worker] log4jdbc.log4j2                          : 1. ResultSet.getInt(target) returned 202
2025-09-09T13:30:35.577+09:00  INFO 23124 --- [    Test worker] log4jdbc.log4j2                          : 1. ResultSet.getString(title) returned 순대국2
2025-09-09T13:30:35.577+09:00  INFO 23124 --- [    Test worker] log4jdbc.log4j2                          : 1. ResultSet.getString(img) returned ss2.jpg
2025-09-09T13:30:35.577+09:00  INFO 23124 --- [    Test worker] log4jdbc.log4j2                          : 1. ResultSet.getDouble(lat) returned 35.1711
2025-09-09T13:30:35.577+09:00  INFO 23124 --- [    Test worker] log4jdbc.log4j2                          : 1. ResultSet.getDouble(lng) returned 129.174
2025-09-09T13:30:35.577+09:00  INFO 23124 --- [    Test worker] log4jdbc.log4j2                          : 1. ResultSet.getInt(loc) returned 200
2025-09-09T13:30:35.577+09:00  INFO 23124 --- [    Test worker] log4jdbc.log4j2                          : 1. ResultSet.isClosed() returned false
2025-09-09T13:30:35.577+09:00  INFO 23124 --- [    Test worker] log4jdbc.log4j2                          : 1. ResultSet.next() returned true
2025-09-09T13:30:35.577+09:00  INFO 23124 --- [    Test worker] log4jdbc.log4j2                          : 1. ResultSet.getInt(target) returned 203
2025-09-09T13:30:35.593+09:00  INFO 23124 --- [    Test worker] log4jdbc.log4j2                          : 1. ResultSet.getString(title) returned 순대국3
2025-09-09T13:30:35.593+09:00  INFO 23124 --- [    Test worker] log4jdbc.log4j2                          : 1. ResultSet.getString(img) returned ss3.jpg
2025-09-09T13:30:35.593+09:00  INFO 23124 --- [    Test worker] log4jdbc.log4j2                          : 1. ResultSet.getDouble(lat) returned 35.1791
2025-09-09T13:30:35.593+09:00  INFO 23124 --- [    Test worker] log4jdbc.log4j2                          : 1. ResultSet.getDouble(lng) returned 129.172
2025-09-09T13:30:35.593+09:00  INFO 23124 --- [    Test worker] log4jdbc.log4j2                          : 1. ResultSet.getInt(loc) returned 200
2025-09-09T13:30:35.593+09:00  INFO 23124 --- [    Test worker] log4jdbc.log4j2                          : 1. ResultSet.isClosed() returned false
2025-09-09T13:30:35.593+09:00  INFO 23124 --- [    Test worker] log4jdbc.log4j2                          : 1. ResultSet.next() returned true
2025-09-09T13:30:35.593+09:00  INFO 23124 --- [    Test worker] log4jdbc.log4j2                          : 1. ResultSet.getInt(target) returned 204
2025-09-09T13:30:35.593+09:00  INFO 23124 --- [    Test worker] log4jdbc.log4j2                          : 1. ResultSet.getString(title) returned 순대국4
2025-09-09T13:30:35.593+09:00  INFO 23124 --- [    Test worker] log4jdbc.log4j2                          : 1. ResultSet.getString(img) returned ss4.jpg
2025-09-09T13:30:35.593+09:00  INFO 23124 --- [    Test worker] log4jdbc.log4j2                          : 1. ResultSet.getDouble(lat) returned 35.1731
2025-09-09T13:30:35.593+09:00  INFO 23124 --- [    Test worker] log4jdbc.log4j2                          : 1. ResultSet.getDouble(lng) returned 129.166
2025-09-09T13:30:35.593+09:00  INFO 23124 --- [    Test worker] log4jdbc.log4j2                          : 1. ResultSet.getInt(loc) returned 200
2025-09-09T13:30:35.593+09:00  INFO 23124 --- [    Test worker] log4jdbc.log4j2                          : 1. ResultSet.isClosed() returned false
2025-09-09T13:30:35.594+09:00  INFO 23124 --- [    Test worker] log4jdbc.log4j2                          : 
|-------|------|--------|--------|--------|----|
|target |title |img     |lat     |lng     |loc |
|-------|------|--------|--------|--------|----|
|201    |순대국1  |ss1.jpg |35.1761 |129.165 |200 |
|202    |순대국2  |ss2.jpg |35.1711 |129.174 |200 |
|203    |순대국3  |ss3.jpg |35.1791 |129.172 |200 |
|204    |순대국4  |ss4.jpg |35.1731 |129.166 |200 |
|-------|------|--------|--------|--------|----|

2025-09-09T13:30:35.594+09:00  INFO 23124 --- [    Test worker] log4jdbc.log4j2                          : 1. ResultSet.next() returned false
2025-09-09T13:30:35.594+09:00  INFO 23124 --- [    Test worker] log4jdbc.log4j2                          : 1. ResultSet.close() returned void
2025-09-09T13:30:35.594+09:00  INFO 23124 --- [    Test worker] log4jdbc.log4j2                          : 1. Connection.getMetaData() returned com.mysql.cj.jdbc.DatabaseMetaDataInformationSchema@4889fbba
2025-09-09T13:30:35.594+09:00  INFO 23124 --- [    Test worker] log4jdbc.log4j2                          : 1. PreparedStatement.getMoreResults() returned false
2025-09-09T13:30:35.594+09:00  INFO 23124 --- [    Test worker] log4jdbc.log4j2                          : 1. PreparedStatement.getUpdateCount() returned -1
2025-09-09T13:30:35.594+09:00  INFO 23124 --- [    Test worker] log4jdbc.log4j2                          : 1. PreparedStatement.close() returned 
2025-09-09T13:30:35.594+09:00  INFO 23124 --- [    Test worker] log4jdbc.log4j2                          : 1. Connection.clearWarnings() returned 
2025-09-09T13:30:35.595+09:00  INFO 23124 --- [    Test worker] edu.sm.marker.SelectTest                 : Marker(target=201, title=순대국1, img=ss1.jpg, lat=35.1761, lng=129.165, loc=200)
2025-09-09T13:30:35.595+09:00  INFO 23124 --- [    Test worker] edu.sm.marker.SelectTest                 : Marker(target=202, title=순대국2, img=ss2.jpg, lat=35.1711, lng=129.174, loc=200)
2025-09-09T13:30:35.595+09:00  INFO 23124 --- [    Test worker] edu.sm.marker.SelectTest                 : Marker(target=203, title=순대국3, img=ss3.jpg, lat=35.1791, lng=129.172, loc=200)
2025-09-09T13:30:35.595+09:00  INFO 23124 --- [    Test worker] edu.sm.marker.SelectTest                 : Marker(target=204, title=순대국4, img=ss4.jpg, lat=35.1731, lng=129.166, loc=200)
]]></system-out>
  <system-err><![CDATA[]]></system-err>
</testsuite>
