<?xml version="1.0" encoding="UTF-8"?>
<testsuite name="edu.sm.security.SecurityTest" tests="1" skipped="0" failures="0" errors="0" timestamp="2025-09-09T04:30:35.660Z" hostname="HOHO" time="0.147">
  <properties/>
  <testcase name="contextLoads()" classname="edu.sm.security.SecurityTest" time="0.147"/>
  <system-out><![CDATA[2025-09-09T13:30:35.639+09:00  INFO 23124 --- [    Test worker] t.c.s.AnnotationConfigContextLoaderUtils : Could not detect default configuration classes for test class [edu.sm.security.SecurityTest]: SecurityTest does not declare any static, non-private, non-final, nested classes annotated with @Configuration.
2025-09-09T13:30:35.655+09:00  INFO 23124 --- [    Test worker] .b.t.c.SpringBootTestContextBootstrapper : Found @SpringBootConfiguration edu.sm.ShopApplication for test class edu.sm.security.SecurityTest
2025-09-09T13:30:35.655+09:00  INFO 23124 --- [onnection adder] log4jdbc.log4j2                          : 9. Connection opened. {executed in 0ms} 
2025-09-09T13:30:35.655+09:00  INFO 23124 --- [onnection adder] log4jdbc.log4j2                          : 9. Connection.new Connection returned 
2025-09-09T13:30:35.655+09:00  INFO 23124 --- [onnection adder] log4jdbc.log4j2                          : 9. Connection.isReadOnly() returned false
2025-09-09T13:30:35.655+09:00  INFO 23124 --- [onnection adder] log4jdbc.log4j2                          : 9. Connection.getAutoCommit() returned true
2025-09-09T13:30:35.697+09:00  INFO 23124 --- [onnection adder] log4jdbc.log4j2                          : 10. Connection opened. {executed in 0ms} 
2025-09-09T13:30:35.697+09:00  INFO 23124 --- [onnection adder] log4jdbc.log4j2                          : 10. Connection.new Connection returned 
2025-09-09T13:30:35.697+09:00  INFO 23124 --- [onnection adder] log4jdbc.log4j2                          : 10. Connection.isReadOnly() returned false
2025-09-09T13:30:35.697+09:00  INFO 23124 --- [onnection adder] log4jdbc.log4j2                          : 10. Connection.getAutoCommit() returned true
2025-09-09T13:30:35.729+09:00  INFO 23124 --- [    Test worker] edu.sm.security.SecurityTest             : pwd:111111
2025-09-09T13:30:35.729+09:00  INFO 23124 --- [    Test worker] edu.sm.security.SecurityTest             : encpPwd:$2a$10$KsIKPysOC.sLjp4rL5xI/.2kw0tDqva2dTmrgLoAKBsiswUWUC1uy
2025-09-09T13:30:35.792+09:00  INFO 23124 --- [    Test worker] edu.sm.security.SecurityTest             : matches:true
]]></system-out>
  <system-err><![CDATA[]]></system-err>
</testsuite>
