<?xml version="1.0" encoding="UTF-8"?>
<testsuite name="edu.sm.cust.SelectTest" tests="1" skipped="0" failures="0" errors="0" timestamp="2025-09-09T04:30:35.432Z" hostname="HOHO" time="0.073">
  <properties/>
  <testcase name="contextLoads()" classname="edu.sm.cust.SelectTest" time="0.073"/>
  <system-out><![CDATA[2025-09-09T13:30:35.424+09:00  INFO 23124 --- [    Test worker] t.c.s.AnnotationConfigContextLoaderUtils : Could not detect default configuration classes for test class [edu.sm.cust.SelectTest]: SelectTest does not declare any static, non-private, non-final, nested classes annotated with @Configuration.
2025-09-09T13:30:35.424+09:00  INFO 23124 --- [    Test worker] .b.t.c.SpringBootTestContextBootstrapper : Found @SpringBootConfiguration edu.sm.ShopApplication for test class edu.sm.cust.SelectTest
2025-09-09T13:30:35.424+09:00  INFO 23124 --- [onnection adder] log4jdbc.log4j2                          : 4. Connection opened. {executed in 0ms} 
2025-09-09T13:30:35.424+09:00  INFO 23124 --- [onnection adder] log4jdbc.log4j2                          : 4. Connection.new Connection returned 
2025-09-09T13:30:35.424+09:00  INFO 23124 --- [onnection adder] log4jdbc.log4j2                          : 4. Connection.isReadOnly() returned false
2025-09-09T13:30:35.424+09:00  INFO 23124 --- [onnection adder] log4jdbc.log4j2                          : 4. Connection.getAutoCommit() returned true
2025-09-09T13:30:35.440+09:00  INFO 23124 --- [    Test worker] log4jdbc.log4j2                          : 1. Connection.getAutoCommit() returned true
2025-09-09T13:30:35.440+09:00  INFO 23124 --- [    Test worker] log4jdbc.log4j2                          : 1. PreparedStatement.new PreparedStatement returned 
2025-09-09T13:30:35.440+09:00  INFO 23124 --- [    Test worker] log4jdbc.log4j2                          : 1. Connection.prepareStatement(SELECT * FROM cust) returned net.sf.log4jdbc.sql.jdbcapi.PreparedStatementSpy@7b364f47
2025-09-09T13:30:35.458+09:00  INFO 23124 --- [    Test worker] log4jdbc.log4j2                          : 1. SELECT * FROM cust  {executed in 17 ms}
2025-09-09T13:30:35.458+09:00  INFO 23124 --- [    Test worker] log4jdbc.log4j2                          : 1. PreparedStatement.execute() returned true
2025-09-09T13:30:35.464+09:00  INFO 23124 --- [    Test worker] log4jdbc.log4j2                          : 1. ResultSet.new ResultSet returned 
2025-09-09T13:30:35.464+09:00  INFO 23124 --- [    Test worker] log4jdbc.log4j2                          : 1. PreparedStatement.getResultSet() returned net.sf.log4jdbc.sql.jdbcapi.ResultSetSpy@123e9094
2025-09-09T13:30:35.469+09:00  INFO 23124 --- [    Test worker] log4jdbc.log4j2                          : 1. ResultSet.getMetaData() returned com.mysql.cj.jdbc.result.ResultSetMetaData@4cb91fa4 - Field level information: 
	com.mysql.cj.result.Field@12aa2cca[dbName=shopdb,tableName=cust,originalTableName=cust,columnName=cust_id,originalColumnName=cust_id,mysqlType=253(FIELD_TYPE_VARCHAR),sqlType=12,flags= PRIMARY_KEY, charsetIndex=255, charsetName=utf8]
	com.mysql.cj.result.Field@3dc4ed6f[dbName=shopdb,tableName=cust,originalTableName=cust,columnName=cust_pwd,originalColumnName=cust_pwd,mysqlType=253(FIELD_TYPE_VARCHAR),sqlType=12,flags=, charsetIndex=255, charsetName=utf8]
	com.mysql.cj.result.Field@2823b7c5[dbName=shopdb,tableName=cust,originalTableName=cust,columnName=cust_name,originalColumnName=cust_name,mysqlType=253(FIELD_TYPE_VARCHAR),sqlType=12,flags=, charsetIndex=255, charsetName=utf8]
	com.mysql.cj.result.Field@2ce3d95a[dbName=shopdb,tableName=cust,originalTableName=cust,columnName=cust_addr,originalColumnName=cust_addr,mysqlType=253(FIELD_TYPE_VARCHAR),sqlType=12,flags=, charsetIndex=255, charsetName=utf8]
	com.mysql.cj.result.Field@6f6c6c70[dbName=shopdb,tableName=cust,originalTableName=cust,columnName=cust_regdate,originalColumnName=cust_regdate,mysqlType=12(FIELD_TYPE_DATETIME),sqlType=93,flags= BINARY, charsetIndex=63, charsetName=ISO-8859-1]
	com.mysql.cj.result.Field@75d95b67[dbName=shopdb,tableName=cust,originalTableName=cust,columnName=cust_update,originalColumnName=cust_update,mysqlType=12(FIELD_TYPE_DATETIME),sqlType=93,flags= BINARY, charsetIndex=63, charsetName=ISO-8859-1]
2025-09-09T13:30:35.469+09:00  INFO 23124 --- [    Test worker] log4jdbc.log4j2                          : 1. ResultSet.getType() returned 1003
2025-09-09T13:30:35.469+09:00  INFO 23124 --- [    Test worker] log4jdbc.log4j2                          : 1. ResultSet.isClosed() returned false
2025-09-09T13:30:35.469+09:00  INFO 23124 --- [    Test worker] log4jdbc.log4j2                          : 1. ResultSet.next() returned true
2025-09-09T13:30:35.469+09:00  INFO 23124 --- [    Test worker] log4jdbc.log4j2                          : 1. ResultSet.getString(cust_id) returned id01
2025-09-09T13:30:35.469+09:00  INFO 23124 --- [    Test worker] log4jdbc.log4j2                          : 1. ResultSet.getString(cust_pwd) returned $2a$10$1z0Vxngyy0Ty47WzRsjErektRMPOlK4iaWsR4p7a2voe6qb0GzCfS
2025-09-09T13:30:35.469+09:00  INFO 23124 --- [    Test worker] log4jdbc.log4j2                          : 1. ResultSet.getString(cust_name) returned 이말숙
2025-09-09T13:30:35.469+09:00  INFO 23124 --- [    Test worker] log4jdbc.log4j2                          : 1. ResultSet.getString(cust_addr) returned 4s6zH79LjninG56XZnv1omMqgtzqVhQy3e7YxQj5WkglX+gcGkiAIkmaEykL9/lm
2025-09-09T13:30:35.469+09:00  INFO 23124 --- [    Test worker] log4jdbc.log4j2                          : 1. ResultSet.getObject(cust_regdate,class java.time.LocalDateTime) returned 2025-09-08T14:16:42
2025-09-09T13:30:35.469+09:00  INFO 23124 --- [    Test worker] log4jdbc.log4j2                          : 1. ResultSet.getObject(cust_update,class java.time.LocalDateTime) returned 2025-09-08T14:16:42
2025-09-09T13:30:35.469+09:00  INFO 23124 --- [    Test worker] log4jdbc.log4j2                          : 1. ResultSet.isClosed() returned false
2025-09-09T13:30:35.469+09:00  INFO 23124 --- [    Test worker] log4jdbc.log4j2                          : 1. ResultSet.next() returned true
2025-09-09T13:30:35.469+09:00  INFO 23124 --- [    Test worker] log4jdbc.log4j2                          : 1. ResultSet.getString(cust_id) returned id02
2025-09-09T13:30:35.469+09:00  INFO 23124 --- [    Test worker] log4jdbc.log4j2                          : 1. ResultSet.getString(cust_pwd) returned $2a$10$dPL2kGgRZkcZYzXJp7OCdeGCxJvM.rU6TYjPoYk0fVU1AOLLU/t9u
2025-09-09T13:30:35.469+09:00  INFO 23124 --- [    Test worker] log4jdbc.log4j2                          : 1. ResultSet.getString(cust_name) returned 이말자
2025-09-09T13:30:35.469+09:00  INFO 23124 --- [    Test worker] log4jdbc.log4j2                          : 1. ResultSet.getString(cust_addr) returned V6zW85dBz9UZ9IG1QzQ0/jRAe3MXk+oUGiBnyO3E/pPe9VL21rdva7Hx34ORMk81
2025-09-09T13:30:35.469+09:00  INFO 23124 --- [    Test worker] log4jdbc.log4j2                          : 1. ResultSet.getObject(cust_regdate,class java.time.LocalDateTime) returned 2025-09-08T14:17:04
2025-09-09T13:30:35.469+09:00  INFO 23124 --- [    Test worker] log4jdbc.log4j2                          : 1. ResultSet.getObject(cust_update,class java.time.LocalDateTime) returned 2025-09-08T14:17:04
2025-09-09T13:30:35.469+09:00  INFO 23124 --- [    Test worker] log4jdbc.log4j2                          : 1. ResultSet.isClosed() returned false
2025-09-09T13:30:35.469+09:00  INFO 23124 --- [    Test worker] log4jdbc.log4j2                          : 1. ResultSet.next() returned true
2025-09-09T13:30:35.469+09:00  INFO 23124 --- [    Test worker] log4jdbc.log4j2                          : 1. ResultSet.getString(cust_id) returned id03
2025-09-09T13:30:35.469+09:00  INFO 23124 --- [    Test worker] log4jdbc.log4j2                          : 1. ResultSet.getString(cust_pwd) returned $2a$10$YJZdAa3lWmhCzpRD5zI4fOUW7czQ9UUDFBNHOY9ANySR27JoU5dNe
2025-09-09T13:30:35.469+09:00  INFO 23124 --- [    Test worker] log4jdbc.log4j2                          : 1. ResultSet.getString(cust_name) returned 김말숙
2025-09-09T13:30:35.469+09:00  INFO 23124 --- [    Test worker] log4jdbc.log4j2                          : 1. ResultSet.getString(cust_addr) returned 7lly9qMyzba8zZjK5skkf7l1AwDugtkNF9/50PXdkSWndDlaDtzf0Vm3yNsas4DM
2025-09-09T13:30:35.469+09:00  INFO 23124 --- [    Test worker] log4jdbc.log4j2                          : 1. ResultSet.getObject(cust_regdate,class java.time.LocalDateTime) returned 2025-09-08T14:17:31
2025-09-09T13:30:35.469+09:00  INFO 23124 --- [    Test worker] log4jdbc.log4j2                          : 1. ResultSet.getObject(cust_update,class java.time.LocalDateTime) returned 2025-09-08T14:17:31
2025-09-09T13:30:35.469+09:00  INFO 23124 --- [    Test worker] log4jdbc.log4j2                          : 1. ResultSet.isClosed() returned false
2025-09-09T13:30:35.469+09:00  INFO 23124 --- [    Test worker] log4jdbc.log4j2                          : 1. ResultSet.next() returned true
2025-09-09T13:30:35.469+09:00  INFO 23124 --- [    Test worker] log4jdbc.log4j2                          : 1. ResultSet.getString(cust_id) returned id04
2025-09-09T13:30:35.469+09:00  INFO 23124 --- [    Test worker] log4jdbc.log4j2                          : 1. ResultSet.getString(cust_pwd) returned $2a$10$vWQ1Pi9GKN5f8AL3Uf3Ci.TzEB0KxeI.1oYApHzIJnIFaJt37QHk.
2025-09-09T13:30:35.469+09:00  INFO 23124 --- [    Test worker] log4jdbc.log4j2                          : 1. ResultSet.getString(cust_name) returned 이말년
2025-09-09T13:30:35.469+09:00  INFO 23124 --- [    Test worker] log4jdbc.log4j2                          : 1. ResultSet.getString(cust_addr) returned Het7X+04MdSRFFxxMKAY0qtGz+rg9aQSZXq5poNvvj7RkCm2Nfps5L0arRRl+SK5
2025-09-09T13:30:35.469+09:00  INFO 23124 --- [    Test worker] log4jdbc.log4j2                          : 1. ResultSet.getObject(cust_regdate,class java.time.LocalDateTime) returned 2025-09-08T14:17:54
2025-09-09T13:30:35.469+09:00  INFO 23124 --- [    Test worker] log4jdbc.log4j2                          : 1. ResultSet.getObject(cust_update,class java.time.LocalDateTime) returned 2025-09-08T14:17:54
2025-09-09T13:30:35.469+09:00  INFO 23124 --- [    Test worker] log4jdbc.log4j2                          : 1. ResultSet.isClosed() returned false
2025-09-09T13:30:35.469+09:00  INFO 23124 --- [    Test worker] log4jdbc.log4j2                          : 1. ResultSet.next() returned true
2025-09-09T13:30:35.469+09:00  INFO 23124 --- [    Test worker] log4jdbc.log4j2                          : 1. ResultSet.getString(cust_id) returned id05
2025-09-09T13:30:35.469+09:00  INFO 23124 --- [    Test worker] log4jdbc.log4j2                          : 1. ResultSet.getString(cust_pwd) returned $2a$10$XR83X0zu2YxgY.xfK3sDc.QbDDI./o21ps8js5V6ivsQqvlMQhYPG
2025-09-09T13:30:35.469+09:00  INFO 23124 --- [    Test worker] log4jdbc.log4j2                          : 1. ResultSet.getString(cust_name) returned 황말자
2025-09-09T13:30:35.469+09:00  INFO 23124 --- [    Test worker] log4jdbc.log4j2                          : 1. ResultSet.getString(cust_addr) returned Od80ppbWw66GbEqY/mVKEY6TIpii7/JxNZNDz5Ht8FI=
2025-09-09T13:30:35.469+09:00  INFO 23124 --- [    Test worker] log4jdbc.log4j2                          : 1. ResultSet.getObject(cust_regdate,class java.time.LocalDateTime) returned 2025-09-08T14:18:18
2025-09-09T13:30:35.469+09:00  INFO 23124 --- [    Test worker] log4jdbc.log4j2                          : 1. ResultSet.getObject(cust_update,class java.time.LocalDateTime) returned 2025-09-08T14:18:18
2025-09-09T13:30:35.469+09:00  INFO 23124 --- [    Test worker] log4jdbc.log4j2                          : 1. ResultSet.isClosed() returned false
2025-09-09T13:30:35.469+09:00  INFO 23124 --- [    Test worker] log4jdbc.log4j2                          : 1. ResultSet.next() returned true
2025-09-09T13:30:35.469+09:00  INFO 23124 --- [    Test worker] log4jdbc.log4j2                          : 1. ResultSet.getString(cust_id) returned id06
2025-09-09T13:30:35.469+09:00  INFO 23124 --- [    Test worker] log4jdbc.log4j2                          : 1. ResultSet.getString(cust_pwd) returned $2a$10$gcMcAdbSiZ4aPWb3pz1uVO6PVJOybptkIsnh7dEZIsp.XEA0Dj4vO
2025-09-09T13:30:35.469+09:00  INFO 23124 --- [    Test worker] log4jdbc.log4j2                          : 1. ResultSet.getString(cust_name) returned 김말자
2025-09-09T13:30:35.469+09:00  INFO 23124 --- [    Test worker] log4jdbc.log4j2                          : 1. ResultSet.getString(cust_addr) returned LbMTBZZkIhmHkhBzstt/GQEtdpwWq4zHjpi6GjD+qH0=
2025-09-09T13:30:35.469+09:00  INFO 23124 --- [    Test worker] log4jdbc.log4j2                          : 1. ResultSet.getObject(cust_regdate,class java.time.LocalDateTime) returned 2025-09-08T14:18:38
2025-09-09T13:30:35.469+09:00  INFO 23124 --- [    Test worker] log4jdbc.log4j2                          : 1. ResultSet.getObject(cust_update,class java.time.LocalDateTime) returned 2025-09-08T14:18:38
2025-09-09T13:30:35.469+09:00  INFO 23124 --- [    Test worker] log4jdbc.log4j2                          : 1. ResultSet.isClosed() returned false
2025-09-09T13:30:35.469+09:00  INFO 23124 --- [    Test worker] log4jdbc.log4j2                          : 1. ResultSet.next() returned true
2025-09-09T13:30:35.469+09:00  INFO 23124 --- [    Test worker] log4jdbc.log4j2                          : 1. ResultSet.getString(cust_id) returned id07
2025-09-09T13:30:35.469+09:00  INFO 23124 --- [    Test worker] log4jdbc.log4j2                          : 1. ResultSet.getString(cust_pwd) returned $2a$10$wcLHpSnEkJ8F8sJn55m8MehisGWPGsdI31M7N913VomF5zAjiH.qq
2025-09-09T13:30:35.469+09:00  INFO 23124 --- [    Test worker] log4jdbc.log4j2                          : 1. ResultSet.getString(cust_name) returned 이국용
2025-09-09T13:30:35.469+09:00  INFO 23124 --- [    Test worker] log4jdbc.log4j2                          : 1. ResultSet.getString(cust_addr) returned nxHHc76HOTIZmnkhFg6QP4HvQUkLldb4VhZ4CzQZQ08=
2025-09-09T13:30:35.469+09:00  INFO 23124 --- [    Test worker] log4jdbc.log4j2                          : 1. ResultSet.getObject(cust_regdate,class java.time.LocalDateTime) returned 2025-09-08T14:19:01
2025-09-09T13:30:35.469+09:00  INFO 23124 --- [    Test worker] log4jdbc.log4j2                          : 1. ResultSet.getObject(cust_update,class java.time.LocalDateTime) returned 2025-09-09T10:45:05
2025-09-09T13:30:35.469+09:00  INFO 23124 --- [    Test worker] log4jdbc.log4j2                          : 1. ResultSet.isClosed() returned false
2025-09-09T13:30:35.469+09:00  INFO 23124 --- [    Test worker] log4jdbc.log4j2                          : 1. ResultSet.next() returned true
2025-09-09T13:30:35.469+09:00  INFO 23124 --- [    Test worker] log4jdbc.log4j2                          : 1. ResultSet.getString(cust_id) returned id08
2025-09-09T13:30:35.469+09:00  INFO 23124 --- [    Test worker] log4jdbc.log4j2                          : 1. ResultSet.getString(cust_pwd) returned $2a$10$Oh0AmSKQLc/6x8567uUw3.BBfxUZruYrBxk11v9l60sxhopZv7WL6
2025-09-09T13:30:35.469+09:00  INFO 23124 --- [    Test worker] log4jdbc.log4j2                          : 1. ResultSet.getString(cust_name) returned 이말선
2025-09-09T13:30:35.469+09:00  INFO 23124 --- [    Test worker] log4jdbc.log4j2                          : 1. ResultSet.getString(cust_addr) returned 6FZO3VosiI9HjnwVaHQz+y3+uMhEV+MDJ4q2uBeUxQs=
2025-09-09T13:30:35.469+09:00  INFO 23124 --- [    Test worker] log4jdbc.log4j2                          : 1. ResultSet.getObject(cust_regdate,class java.time.LocalDateTime) returned 2025-09-08T14:19:16
2025-09-09T13:30:35.469+09:00  INFO 23124 --- [    Test worker] log4jdbc.log4j2                          : 1. ResultSet.getObject(cust_update,class java.time.LocalDateTime) returned 2025-09-08T14:19:16
2025-09-09T13:30:35.469+09:00  INFO 23124 --- [    Test worker] log4jdbc.log4j2                          : 1. ResultSet.isClosed() returned false
2025-09-09T13:30:35.469+09:00  INFO 23124 --- [    Test worker] log4jdbc.log4j2                          : 1. ResultSet.next() returned true
2025-09-09T13:30:35.469+09:00  INFO 23124 --- [    Test worker] log4jdbc.log4j2                          : 1. ResultSet.getString(cust_id) returned id09
2025-09-09T13:30:35.469+09:00  INFO 23124 --- [    Test worker] log4jdbc.log4j2                          : 1. ResultSet.getString(cust_pwd) returned $2a$10$E.poAeZtQGCwze4gXK6XUOZ37irqXEeDrULWJHTUZzJAgooUHDxMu
2025-09-09T13:30:35.469+09:00  INFO 23124 --- [    Test worker] log4jdbc.log4j2                          : 1. ResultSet.getString(cust_name) returned 이준자
2025-09-09T13:30:35.469+09:00  INFO 23124 --- [    Test worker] log4jdbc.log4j2                          : 1. ResultSet.getString(cust_addr) returned OAtRVQ++TKI5Gc+Yf0hj/fcmJaR9Qh5Suw4LLj3WCDc=
2025-09-09T13:30:35.469+09:00  INFO 23124 --- [    Test worker] log4jdbc.log4j2                          : 1. ResultSet.getObject(cust_regdate,class java.time.LocalDateTime) returned 2025-09-08T14:19:35
2025-09-09T13:30:35.469+09:00  INFO 23124 --- [    Test worker] log4jdbc.log4j2                          : 1. ResultSet.getObject(cust_update,class java.time.LocalDateTime) returned 2025-09-08T14:19:35
2025-09-09T13:30:35.469+09:00  INFO 23124 --- [    Test worker] log4jdbc.log4j2                          : 1. ResultSet.isClosed() returned false
2025-09-09T13:30:35.469+09:00  INFO 23124 --- [    Test worker] log4jdbc.log4j2                          : 1. ResultSet.next() returned true
2025-09-09T13:30:35.469+09:00  INFO 23124 --- [    Test worker] log4jdbc.log4j2                          : 1. ResultSet.getString(cust_id) returned id10
2025-09-09T13:30:35.469+09:00  INFO 23124 --- [    Test worker] log4jdbc.log4j2                          : 1. ResultSet.getString(cust_pwd) returned $2a$10$kfF/Kr4fx0PjQeQfhQ2aDuEP7KbTjV/IxyzsV172kP33qCNKeSsC.
2025-09-09T13:30:35.469+09:00  INFO 23124 --- [    Test worker] log4jdbc.log4j2                          : 1. ResultSet.getString(cust_name) returned 이김자
2025-09-09T13:30:35.469+09:00  INFO 23124 --- [    Test worker] log4jdbc.log4j2                          : 1. ResultSet.getString(cust_addr) returned s18X5EchpYPJ6j/8RzF52SnpOjk8IrFelFywVwix634=
2025-09-09T13:30:35.469+09:00  INFO 23124 --- [    Test worker] log4jdbc.log4j2                          : 1. ResultSet.getObject(cust_regdate,class java.time.LocalDateTime) returned 2025-09-08T14:19:51
2025-09-09T13:30:35.469+09:00  INFO 23124 --- [    Test worker] log4jdbc.log4j2                          : 1. ResultSet.getObject(cust_update,class java.time.LocalDateTime) returned 2025-09-08T14:19:51
2025-09-09T13:30:35.469+09:00  INFO 23124 --- [    Test worker] log4jdbc.log4j2                          : 1. ResultSet.isClosed() returned false
2025-09-09T13:30:35.469+09:00  INFO 23124 --- [    Test worker] log4jdbc.log4j2                          : 1. ResultSet.next() returned true
2025-09-09T13:30:35.469+09:00  INFO 23124 --- [    Test worker] log4jdbc.log4j2                          : 1. ResultSet.getString(cust_id) returned id11
2025-09-09T13:30:35.469+09:00  INFO 23124 --- [    Test worker] log4jdbc.log4j2                          : 1. ResultSet.getString(cust_pwd) returned 111111
2025-09-09T13:30:35.469+09:00  INFO 23124 --- [    Test worker] log4jdbc.log4j2                          : 1. ResultSet.getString(cust_name) returned 이강자
2025-09-09T13:30:35.469+09:00  INFO 23124 --- [    Test worker] log4jdbc.log4j2                          : 1. ResultSet.getString(cust_addr) returned 충남 천안시 5동
2025-09-09T13:30:35.469+09:00  INFO 23124 --- [    Test worker] log4jdbc.log4j2                          : 1. ResultSet.getObject(cust_regdate,class java.time.LocalDateTime) returned 2025-09-08T15:55:43
2025-09-09T13:30:35.469+09:00  INFO 23124 --- [    Test worker] log4jdbc.log4j2                          : 1. ResultSet.getObject(cust_update,class java.time.LocalDateTime) returned 2025-09-08T15:55:43
2025-09-09T13:30:35.469+09:00  INFO 23124 --- [    Test worker] log4jdbc.log4j2                          : 1. ResultSet.isClosed() returned false
2025-09-09T13:30:35.469+09:00  INFO 23124 --- [onnection adder] log4jdbc.log4j2                          : 5. Connection opened. {executed in 0ms} 
2025-09-09T13:30:35.469+09:00  INFO 23124 --- [    Test worker] log4jdbc.log4j2                          : 1. ResultSet.next() returned true
2025-09-09T13:30:35.469+09:00  INFO 23124 --- [onnection adder] log4jdbc.log4j2                          : 5. Connection.new Connection returned 
2025-09-09T13:30:35.469+09:00  INFO 23124 --- [    Test worker] log4jdbc.log4j2                          : 1. ResultSet.getString(cust_id) returned id12
2025-09-09T13:30:35.469+09:00  INFO 23124 --- [    Test worker] log4jdbc.log4j2                          : 1. ResultSet.getString(cust_pwd) returned 111111
2025-09-09T13:30:35.469+09:00  INFO 23124 --- [    Test worker] log4jdbc.log4j2                          : 1. ResultSet.getString(cust_name) returned 이궁자
2025-09-09T13:30:35.469+09:00  INFO 23124 --- [    Test worker] log4jdbc.log4j2                          : 1. ResultSet.getString(cust_addr) returned 충남
2025-09-09T13:30:35.485+09:00  INFO 23124 --- [onnection adder] log4jdbc.log4j2                          : 5. Connection.isReadOnly() returned false
2025-09-09T13:30:35.485+09:00  INFO 23124 --- [    Test worker] log4jdbc.log4j2                          : 1. ResultSet.getObject(cust_regdate,class java.time.LocalDateTime) returned 2025-09-08T16:05:06
2025-09-09T13:30:35.485+09:00  INFO 23124 --- [onnection adder] log4jdbc.log4j2                          : 5. Connection.getAutoCommit() returned true
2025-09-09T13:30:35.485+09:00  INFO 23124 --- [    Test worker] log4jdbc.log4j2                          : 1. ResultSet.getObject(cust_update,class java.time.LocalDateTime) returned 2025-09-08T16:05:06
2025-09-09T13:30:35.485+09:00  INFO 23124 --- [    Test worker] log4jdbc.log4j2                          : 1. ResultSet.isClosed() returned false
2025-09-09T13:30:35.485+09:00  INFO 23124 --- [    Test worker] log4jdbc.log4j2                          : 1. ResultSet.next() returned true
2025-09-09T13:30:35.485+09:00  INFO 23124 --- [    Test worker] log4jdbc.log4j2                          : 1. ResultSet.getString(cust_id) returned id14
2025-09-09T13:30:35.485+09:00  INFO 23124 --- [    Test worker] log4jdbc.log4j2                          : 1. ResultSet.getString(cust_pwd) returned 111111
2025-09-09T13:30:35.485+09:00  INFO 23124 --- [    Test worker] log4jdbc.log4j2                          : 1. ResultSet.getString(cust_name) returned 이천자
2025-09-09T13:30:35.485+09:00  INFO 23124 --- [    Test worker] log4jdbc.log4j2                          : 1. ResultSet.getString(cust_addr) returned 충남8동
2025-09-09T13:30:35.485+09:00  INFO 23124 --- [    Test worker] log4jdbc.log4j2                          : 1. ResultSet.getObject(cust_regdate,class java.time.LocalDateTime) returned 2025-09-08T16:11:59
2025-09-09T13:30:35.485+09:00  INFO 23124 --- [    Test worker] log4jdbc.log4j2                          : 1. ResultSet.getObject(cust_update,class java.time.LocalDateTime) returned 2025-09-08T16:11:59
2025-09-09T13:30:35.485+09:00  INFO 23124 --- [    Test worker] log4jdbc.log4j2                          : 1. ResultSet.isClosed() returned false
2025-09-09T13:30:35.485+09:00  INFO 23124 --- [    Test worker] log4jdbc.log4j2                          : 1. ResultSet.next() returned true
2025-09-09T13:30:35.485+09:00  INFO 23124 --- [    Test worker] log4jdbc.log4j2                          : 1. ResultSet.getString(cust_id) returned id15
2025-09-09T13:30:35.485+09:00  INFO 23124 --- [    Test worker] log4jdbc.log4j2                          : 1. ResultSet.getString(cust_pwd) returned $2a$10$HD1BLd467v/E0htCFVMeQeQqRAYyIHIla3dTwYt3i8jWZ9gPKsqLu
2025-09-09T13:30:35.485+09:00  INFO 23124 --- [    Test worker] log4jdbc.log4j2                          : 1. ResultSet.getString(cust_name) returned 이중자
2025-09-09T13:30:35.485+09:00  INFO 23124 --- [    Test worker] log4jdbc.log4j2                          : 1. ResultSet.getString(cust_addr) returned CcQ5QY6s2tkKx/JbEPGybRO7fK/1okHj8667CiWgafc=
2025-09-09T13:30:35.485+09:00  INFO 23124 --- [    Test worker] log4jdbc.log4j2                          : 1. ResultSet.getObject(cust_regdate,class java.time.LocalDateTime) returned 2025-09-08T16:13:33
2025-09-09T13:30:35.485+09:00  INFO 23124 --- [    Test worker] log4jdbc.log4j2                          : 1. ResultSet.getObject(cust_update,class java.time.LocalDateTime) returned 2025-09-09T10:19:32
2025-09-09T13:30:35.485+09:00  INFO 23124 --- [    Test worker] log4jdbc.log4j2                          : 1. ResultSet.isClosed() returned false
2025-09-09T13:30:35.485+09:00  INFO 23124 --- [    Test worker] log4jdbc.log4j2                          : 1. ResultSet.next() returned true
2025-09-09T13:30:35.485+09:00  INFO 23124 --- [    Test worker] log4jdbc.log4j2                          : 1. ResultSet.getString(cust_id) returned id16
2025-09-09T13:30:35.485+09:00  INFO 23124 --- [    Test worker] log4jdbc.log4j2                          : 1. ResultSet.getString(cust_pwd) returned 111111
2025-09-09T13:30:35.485+09:00  INFO 23124 --- [    Test worker] log4jdbc.log4j2                          : 1. ResultSet.getString(cust_name) returned 이춘장
2025-09-09T13:30:35.485+09:00  INFO 23124 --- [    Test worker] log4jdbc.log4j2                          : 1. ResultSet.getString(cust_addr) returned 충남 악구시
2025-09-09T13:30:35.485+09:00  INFO 23124 --- [    Test worker] log4jdbc.log4j2                          : 1. ResultSet.getObject(cust_regdate,class java.time.LocalDateTime) returned 2025-09-08T16:23:10
2025-09-09T13:30:35.485+09:00  INFO 23124 --- [    Test worker] log4jdbc.log4j2                          : 1. ResultSet.getObject(cust_update,class java.time.LocalDateTime) returned 2025-09-08T16:23:10
2025-09-09T13:30:35.485+09:00  INFO 23124 --- [    Test worker] log4jdbc.log4j2                          : 1. ResultSet.isClosed() returned false
2025-09-09T13:30:35.485+09:00  INFO 23124 --- [    Test worker] log4jdbc.log4j2                          : 1. ResultSet.next() returned true
2025-09-09T13:30:35.485+09:00  INFO 23124 --- [    Test worker] log4jdbc.log4j2                          : 1. ResultSet.getString(cust_id) returned id18
2025-09-09T13:30:35.485+09:00  INFO 23124 --- [    Test worker] log4jdbc.log4j2                          : 1. ResultSet.getString(cust_pwd) returned $2a$10$.qnaY/0i8q4aWUWtuZ3T5u3pTe7kWP.NRkn36YHmv9PHKgX.Nn036
2025-09-09T13:30:35.485+09:00  INFO 23124 --- [    Test worker] log4jdbc.log4j2                          : 1. ResultSet.getString(cust_name) returned 이악구
2025-09-09T13:30:35.485+09:00  INFO 23124 --- [    Test worker] log4jdbc.log4j2                          : 1. ResultSet.getString(cust_addr) returned W3PQrHDdV1QX/6CvHNxnCGfpzWVgFiCdfNXB22uVZMU=
2025-09-09T13:30:35.485+09:00  INFO 23124 --- [    Test worker] log4jdbc.log4j2                          : 1. ResultSet.getObject(cust_regdate,class java.time.LocalDateTime) returned 2025-09-08T16:24:12
2025-09-09T13:30:35.485+09:00  INFO 23124 --- [    Test worker] log4jdbc.log4j2                          : 1. ResultSet.getObject(cust_update,class java.time.LocalDateTime) returned 2025-09-08T16:24:12
2025-09-09T13:30:35.485+09:00  INFO 23124 --- [    Test worker] log4jdbc.log4j2                          : 1. ResultSet.isClosed() returned false
2025-09-09T13:30:35.485+09:00  INFO 23124 --- [    Test worker] log4jdbc.log4j2                          : 
|--------|-------------------------------------------------------------|----------|-----------------------------------------------------------------|-------------|------------|
|cust_id |cust_pwd                                                     |cust_name |cust_addr                                                        |cust_regdate |cust_update |
|--------|-------------------------------------------------------------|----------|-----------------------------------------------------------------|-------------|------------|
|id01    |$2a$10$1z0Vxngyy0Ty47WzRsjErektRMPOlK4iaWsR4p7a2voe6qb0GzCfS |이말숙       |4s6zH79LjninG56XZnv1omMqgtzqVhQy3e7YxQj5WkglX+gcGkiAIkmaEykL9/lm |[unread]     |[unread]    |
|id02    |$2a$10$dPL2kGgRZkcZYzXJp7OCdeGCxJvM.rU6TYjPoYk0fVU1AOLLU/t9u |이말자       |V6zW85dBz9UZ9IG1QzQ0/jRAe3MXk+oUGiBnyO3E/pPe9VL21rdva7Hx34ORMk81 |[unread]     |[unread]    |
|id03    |$2a$10$YJZdAa3lWmhCzpRD5zI4fOUW7czQ9UUDFBNHOY9ANySR27JoU5dNe |김말숙       |7lly9qMyzba8zZjK5skkf7l1AwDugtkNF9/50PXdkSWndDlaDtzf0Vm3yNsas4DM |[unread]     |[unread]    |
|id04    |$2a$10$vWQ1Pi9GKN5f8AL3Uf3Ci.TzEB0KxeI.1oYApHzIJnIFaJt37QHk. |이말년       |Het7X+04MdSRFFxxMKAY0qtGz+rg9aQSZXq5poNvvj7RkCm2Nfps5L0arRRl+SK5 |[unread]     |[unread]    |
|id05    |$2a$10$XR83X0zu2YxgY.xfK3sDc.QbDDI./o21ps8js5V6ivsQqvlMQhYPG |황말자       |Od80ppbWw66GbEqY/mVKEY6TIpii7/JxNZNDz5Ht8FI=                     |[unread]     |[unread]    |
|id06    |$2a$10$gcMcAdbSiZ4aPWb3pz1uVO6PVJOybptkIsnh7dEZIsp.XEA0Dj4vO |김말자       |LbMTBZZkIhmHkhBzstt/GQEtdpwWq4zHjpi6GjD+qH0=                     |[unread]     |[unread]    |
|id07    |$2a$10$wcLHpSnEkJ8F8sJn55m8MehisGWPGsdI31M7N913VomF5zAjiH.qq |이국용       |nxHHc76HOTIZmnkhFg6QP4HvQUkLldb4VhZ4CzQZQ08=                     |[unread]     |[unread]    |
|id08    |$2a$10$Oh0AmSKQLc/6x8567uUw3.BBfxUZruYrBxk11v9l60sxhopZv7WL6 |이말선       |6FZO3VosiI9HjnwVaHQz+y3+uMhEV+MDJ4q2uBeUxQs=                     |[unread]     |[unread]    |
|id09    |$2a$10$E.poAeZtQGCwze4gXK6XUOZ37irqXEeDrULWJHTUZzJAgooUHDxMu |이준자       |OAtRVQ++TKI5Gc+Yf0hj/fcmJaR9Qh5Suw4LLj3WCDc=                     |[unread]     |[unread]    |
|id10    |$2a$10$kfF/Kr4fx0PjQeQfhQ2aDuEP7KbTjV/IxyzsV172kP33qCNKeSsC. |이김자       |s18X5EchpYPJ6j/8RzF52SnpOjk8IrFelFywVwix634=                     |[unread]     |[unread]    |
|id11    |111111                                                       |이강자       |충남 천안시 5동                                                        |[unread]     |[unread]    |
|id12    |111111                                                       |이궁자       |충남                                                               |[unread]     |[unread]    |
|id14    |111111                                                       |이천자       |충남8동                                                             |[unread]     |[unread]    |
|id15    |$2a$10$HD1BLd467v/E0htCFVMeQeQqRAYyIHIla3dTwYt3i8jWZ9gPKsqLu |이중자       |CcQ5QY6s2tkKx/JbEPGybRO7fK/1okHj8667CiWgafc=                     |[unread]     |[unread]    |
|id16    |111111                                                       |이춘장       |충남 악구시                                                           |[unread]     |[unread]    |
|id18    |$2a$10$.qnaY/0i8q4aWUWtuZ3T5u3pTe7kWP.NRkn36YHmv9PHKgX.Nn036 |이악구       |W3PQrHDdV1QX/6CvHNxnCGfpzWVgFiCdfNXB22uVZMU=                     |[unread]     |[unread]    |
|--------|-------------------------------------------------------------|----------|-----------------------------------------------------------------|-------------|------------|

2025-09-09T13:30:35.485+09:00  INFO 23124 --- [    Test worker] log4jdbc.log4j2                          : 1. ResultSet.next() returned false
2025-09-09T13:30:35.485+09:00  INFO 23124 --- [    Test worker] log4jdbc.log4j2                          : 1. ResultSet.close() returned void
2025-09-09T13:30:35.485+09:00  INFO 23124 --- [    Test worker] log4jdbc.log4j2                          : 1. Connection.getMetaData() returned com.mysql.cj.jdbc.DatabaseMetaDataInformationSchema@70efdd18
2025-09-09T13:30:35.485+09:00  INFO 23124 --- [    Test worker] log4jdbc.log4j2                          : 1. PreparedStatement.getMoreResults() returned false
2025-09-09T13:30:35.485+09:00  INFO 23124 --- [    Test worker] log4jdbc.log4j2                          : 1. PreparedStatement.getUpdateCount() returned -1
2025-09-09T13:30:35.485+09:00  INFO 23124 --- [    Test worker] log4jdbc.log4j2                          : 1. PreparedStatement.close() returned 
2025-09-09T13:30:35.485+09:00  INFO 23124 --- [    Test worker] log4jdbc.log4j2                          : 1. Connection.clearWarnings() returned 
2025-09-09T13:30:35.485+09:00  INFO 23124 --- [    Test worker] edu.sm.cust.SelectTest                   : id01, 이말숙, 충청남도 천안시 동남구, 2025-09-08T14:16:42
2025-09-09T13:30:35.485+09:00  INFO 23124 --- [    Test worker] edu.sm.cust.SelectTest                   : id01, 이말숙, 충청남도 천안시 동남구, 2025년 09월 08일 14시 16분 42초
2025-09-09T13:30:35.485+09:00  INFO 23124 --- [    Test worker] edu.sm.cust.SelectTest                   : id02, 이말자, 충청남도 아산시 탕정면, 2025-09-08T14:17:04
2025-09-09T13:30:35.485+09:00  INFO 23124 --- [    Test worker] edu.sm.cust.SelectTest                   : id02, 이말자, 충청남도 아산시 탕정면, 2025년 09월 08일 14시 17분 04초
2025-09-09T13:30:35.485+09:00  INFO 23124 --- [    Test worker] edu.sm.cust.SelectTest                   : id03, 김말숙, 충청남도 천안시 신방동, 2025-09-08T14:17:31
2025-09-09T13:30:35.485+09:00  INFO 23124 --- [    Test worker] edu.sm.cust.SelectTest                   : id03, 김말숙, 충청남도 천안시 신방동, 2025년 09월 08일 14시 17분 31초
2025-09-09T13:30:35.485+09:00  INFO 23124 --- [    Test worker] edu.sm.cust.SelectTest                   : id04, 이말년, 충청남도 천안시 신방2동, 2025-09-08T14:17:54
2025-09-09T13:30:35.485+09:00  INFO 23124 --- [    Test worker] edu.sm.cust.SelectTest                   : id04, 이말년, 충청남도 천안시 신방2동, 2025년 09월 08일 14시 17분 54초
2025-09-09T13:30:35.485+09:00  INFO 23124 --- [    Test worker] edu.sm.cust.SelectTest                   : id05, 황말자, 충남 아산1시, 2025-09-08T14:18:18
2025-09-09T13:30:35.485+09:00  INFO 23124 --- [    Test worker] edu.sm.cust.SelectTest                   : id05, 황말자, 충남 아산1시, 2025년 09월 08일 14시 18분 18초
2025-09-09T13:30:35.501+09:00  INFO 23124 --- [    Test worker] edu.sm.cust.SelectTest                   : id06, 김말자, 충남 천안2시, 2025-09-08T14:18:38
2025-09-09T13:30:35.501+09:00  INFO 23124 --- [    Test worker] edu.sm.cust.SelectTest                   : id06, 김말자, 충남 천안2시, 2025년 09월 08일 14시 18분 38초
2025-09-09T13:30:35.501+09:00  INFO 23124 --- [    Test worker] edu.sm.cust.SelectTest                   : id07, 이국용, 충남 천안4시, 2025-09-08T14:19:01
2025-09-09T13:30:35.501+09:00  INFO 23124 --- [    Test worker] edu.sm.cust.SelectTest                   : id07, 이국용, 충남 천안4시, 2025년 09월 08일 14시 19분 01초
2025-09-09T13:30:35.501+09:00  INFO 23124 --- [    Test worker] edu.sm.cust.SelectTest                   : id08, 이말선, 충남 천안 3시, 2025-09-08T14:19:16
2025-09-09T13:30:35.501+09:00  INFO 23124 --- [    Test worker] edu.sm.cust.SelectTest                   : id08, 이말선, 충남 천안 3시, 2025년 09월 08일 14시 19분 16초
2025-09-09T13:30:35.501+09:00  INFO 23124 --- [    Test worker] edu.sm.cust.SelectTest                   : id09, 이준자, 충남 천안6시, 2025-09-08T14:19:35
2025-09-09T13:30:35.501+09:00  INFO 23124 --- [    Test worker] edu.sm.cust.SelectTest                   : id09, 이준자, 충남 천안6시, 2025년 09월 08일 14시 19분 35초
2025-09-09T13:30:35.501+09:00  INFO 23124 --- [    Test worker] edu.sm.cust.SelectTest                   : id10, 이김자, 충남 천안시 3동, 2025-09-08T14:19:51
2025-09-09T13:30:35.501+09:00  INFO 23124 --- [    Test worker] edu.sm.cust.SelectTest                   : id10, 이김자, 충남 천안시 3동, 2025년 09월 08일 14시 19분 51초
]]></system-out>
  <system-err><![CDATA[org.jasypt.exceptions.EncryptionOperationNotPossibleException
	at org.jasypt.encryption.pbe.StandardPBEByteEncryptor.decrypt(StandardPBEByteEncryptor.java:1059)
	at org.jasypt.encryption.pbe.StandardPBEStringEncryptor.decrypt(StandardPBEStringEncryptor.java:738)
	at edu.sm.cust.SelectTest.lambda$contextLoads$0(SelectTest.java:40)
	at java.base/java.util.ArrayList.forEach(ArrayList.java:1511)
	at edu.sm.cust.SelectTest.contextLoads(SelectTest.java:37)
	at java.base/jdk.internal.reflect.NativeMethodAccessorImpl.invoke0(Native Method)
	at java.base/jdk.internal.reflect.NativeMethodAccessorImpl.invoke(NativeMethodAccessorImpl.java:77)
	at java.base/jdk.internal.reflect.DelegatingMethodAccessorImpl.invoke(DelegatingMethodAccessorImpl.java:43)
	at java.base/java.lang.reflect.Method.invoke(Method.java:568)
	at org.junit.platform.commons.util.ReflectionUtils.invokeMethod(ReflectionUtils.java:767)
	at org.junit.jupiter.engine.execution.MethodInvocation.proceed(MethodInvocation.java:60)
	at org.junit.jupiter.engine.execution.InvocationInterceptorChain$ValidatingInvocation.proceed(InvocationInterceptorChain.java:131)
	at org.junit.jupiter.engine.extension.TimeoutExtension.intercept(TimeoutExtension.java:156)
	at org.junit.jupiter.engine.extension.TimeoutExtension.interceptTestableMethod(TimeoutExtension.java:147)
	at org.junit.jupiter.engine.extension.TimeoutExtension.interceptTestMethod(TimeoutExtension.java:86)
	at org.junit.jupiter.engine.execution.InterceptingExecutableInvoker$ReflectiveInterceptorCall.lambda$ofVoidMethod$0(InterceptingExecutableInvoker.java:103)
	at org.junit.jupiter.engine.execution.InterceptingExecutableInvoker.lambda$invoke$0(InterceptingExecutableInvoker.java:93)
	at org.junit.jupiter.engine.execution.InvocationInterceptorChain$InterceptedInvocation.proceed(InvocationInterceptorChain.java:106)
	at org.junit.jupiter.engine.execution.InvocationInterceptorChain.proceed(InvocationInterceptorChain.java:64)
	at org.junit.jupiter.engine.execution.InvocationInterceptorChain.chainAndInvoke(InvocationInterceptorChain.java:45)
	at org.junit.jupiter.engine.execution.InvocationInterceptorChain.invoke(InvocationInterceptorChain.java:37)
	at org.junit.jupiter.engine.execution.InterceptingExecutableInvoker.invoke(InterceptingExecutableInvoker.java:92)
	at org.junit.jupiter.engine.execution.InterceptingExecutableInvoker.invoke(InterceptingExecutableInvoker.java:86)
	at org.junit.jupiter.engine.descriptor.TestMethodTestDescriptor.lambda$invokeTestMethod$8(TestMethodTestDescriptor.java:217)
	at org.junit.platform.engine.support.hierarchical.ThrowableCollector.execute(ThrowableCollector.java:73)
	at org.junit.jupiter.engine.descriptor.TestMethodTestDescriptor.invokeTestMethod(TestMethodTestDescriptor.java:213)
	at org.junit.jupiter.engine.descriptor.TestMethodTestDescriptor.execute(TestMethodTestDescriptor.java:138)
	at org.junit.jupiter.engine.descriptor.TestMethodTestDescriptor.execute(TestMethodTestDescriptor.java:68)
	at org.junit.platform.engine.support.hierarchical.NodeTestTask.lambda$executeRecursively$6(NodeTestTask.java:156)
	at org.junit.platform.engine.support.hierarchical.ThrowableCollector.execute(ThrowableCollector.java:73)
	at org.junit.platform.engine.support.hierarchical.NodeTestTask.lambda$executeRecursively$8(NodeTestTask.java:146)
	at org.junit.platform.engine.support.hierarchical.Node.around(Node.java:137)
	at org.junit.platform.engine.support.hierarchical.NodeTestTask.lambda$executeRecursively$9(NodeTestTask.java:144)
	at org.junit.platform.engine.support.hierarchical.ThrowableCollector.execute(ThrowableCollector.java:73)
	at org.junit.platform.engine.support.hierarchical.NodeTestTask.executeRecursively(NodeTestTask.java:143)
	at org.junit.platform.engine.support.hierarchical.NodeTestTask.execute(NodeTestTask.java:100)
	at java.base/java.util.ArrayList.forEach(ArrayList.java:1511)
	at org.junit.platform.engine.support.hierarchical.SameThreadHierarchicalTestExecutorService.invokeAll(SameThreadHierarchicalTestExecutorService.java:41)
	at org.junit.platform.engine.support.hierarchical.NodeTestTask.lambda$executeRecursively$6(NodeTestTask.java:160)
	at org.junit.platform.engine.support.hierarchical.ThrowableCollector.execute(ThrowableCollector.java:73)
	at org.junit.platform.engine.support.hierarchical.NodeTestTask.lambda$executeRecursively$8(NodeTestTask.java:146)
	at org.junit.platform.engine.support.hierarchical.Node.around(Node.java:137)
	at org.junit.platform.engine.support.hierarchical.NodeTestTask.lambda$executeRecursively$9(NodeTestTask.java:144)
	at org.junit.platform.engine.support.hierarchical.ThrowableCollector.execute(ThrowableCollector.java:73)
	at org.junit.platform.engine.support.hierarchical.NodeTestTask.executeRecursively(NodeTestTask.java:143)
	at org.junit.platform.engine.support.hierarchical.NodeTestTask.execute(NodeTestTask.java:100)
	at java.base/java.util.ArrayList.forEach(ArrayList.java:1511)
	at org.junit.platform.engine.support.hierarchical.SameThreadHierarchicalTestExecutorService.invokeAll(SameThreadHierarchicalTestExecutorService.java:41)
	at org.junit.platform.engine.support.hierarchical.NodeTestTask.lambda$executeRecursively$6(NodeTestTask.java:160)
	at org.junit.platform.engine.support.hierarchical.ThrowableCollector.execute(ThrowableCollector.java:73)
	at org.junit.platform.engine.support.hierarchical.NodeTestTask.lambda$executeRecursively$8(NodeTestTask.java:146)
	at org.junit.platform.engine.support.hierarchical.Node.around(Node.java:137)
	at org.junit.platform.engine.support.hierarchical.NodeTestTask.lambda$executeRecursively$9(NodeTestTask.java:144)
	at org.junit.platform.engine.support.hierarchical.ThrowableCollector.execute(ThrowableCollector.java:73)
	at org.junit.platform.engine.support.hierarchical.NodeTestTask.executeRecursively(NodeTestTask.java:143)
	at org.junit.platform.engine.support.hierarchical.NodeTestTask.execute(NodeTestTask.java:100)
	at org.junit.platform.engine.support.hierarchical.SameThreadHierarchicalTestExecutorService.submit(SameThreadHierarchicalTestExecutorService.java:35)
	at org.junit.platform.engine.support.hierarchical.HierarchicalTestExecutor.execute(HierarchicalTestExecutor.java:57)
	at org.junit.platform.engine.support.hierarchical.HierarchicalTestEngine.execute(HierarchicalTestEngine.java:54)
	at org.junit.platform.launcher.core.EngineExecutionOrchestrator.execute(EngineExecutionOrchestrator.java:198)
	at org.junit.platform.launcher.core.EngineExecutionOrchestrator.execute(EngineExecutionOrchestrator.java:169)
	at org.junit.platform.launcher.core.EngineExecutionOrchestrator.execute(EngineExecutionOrchestrator.java:93)
	at org.junit.platform.launcher.core.EngineExecutionOrchestrator.lambda$execute$0(EngineExecutionOrchestrator.java:58)
	at org.junit.platform.launcher.core.EngineExecutionOrchestrator.withInterceptedStreams(EngineExecutionOrchestrator.java:141)
	at org.junit.platform.launcher.core.EngineExecutionOrchestrator.execute(EngineExecutionOrchestrator.java:57)
	at org.junit.platform.launcher.core.DefaultLauncher.execute(DefaultLauncher.java:103)
	at org.junit.platform.launcher.core.DefaultLauncher.execute(DefaultLauncher.java:85)
	at org.junit.platform.launcher.core.DelegatingLauncher.execute(DelegatingLauncher.java:47)
	at org.gradle.api.internal.tasks.testing.junitplatform.JUnitPlatformTestClassProcessor$CollectAllTestClassesExecutor.processAllTestClasses(JUnitPlatformTestClassProcessor.java:124)
	at org.gradle.api.internal.tasks.testing.junitplatform.JUnitPlatformTestClassProcessor$CollectAllTestClassesExecutor.access$000(JUnitPlatformTestClassProcessor.java:99)
	at org.gradle.api.internal.tasks.testing.junitplatform.JUnitPlatformTestClassProcessor.stop(JUnitPlatformTestClassProcessor.java:94)
	at org.gradle.api.internal.tasks.testing.SuiteTestClassProcessor.stop(SuiteTestClassProcessor.java:63)
	at java.base/jdk.internal.reflect.NativeMethodAccessorImpl.invoke0(Native Method)
	at java.base/jdk.internal.reflect.NativeMethodAccessorImpl.invoke(NativeMethodAccessorImpl.java:77)
	at java.base/jdk.internal.reflect.DelegatingMethodAccessorImpl.invoke(DelegatingMethodAccessorImpl.java:43)
	at java.base/java.lang.reflect.Method.invoke(Method.java:568)
	at org.gradle.internal.dispatch.ReflectionDispatch.dispatch(ReflectionDispatch.java:36)
	at org.gradle.internal.dispatch.ReflectionDispatch.dispatch(ReflectionDispatch.java:24)
	at org.gradle.internal.dispatch.ContextClassLoaderDispatch.dispatch(ContextClassLoaderDispatch.java:33)
	at org.gradle.internal.dispatch.ProxyDispatchAdapter$DispatchingInvocationHandler.invoke(ProxyDispatchAdapter.java:92)
	at jdk.proxy1/jdk.proxy1.$Proxy4.stop(Unknown Source)
	at org.gradle.api.internal.tasks.testing.worker.TestWorker$3.run(TestWorker.java:200)
	at org.gradle.api.internal.tasks.testing.worker.TestWorker.executeAndMaintainThreadName(TestWorker.java:132)
	at org.gradle.api.internal.tasks.testing.worker.TestWorker.execute(TestWorker.java:103)
	at org.gradle.api.internal.tasks.testing.worker.TestWorker.execute(TestWorker.java:63)
	at org.gradle.process.internal.worker.child.ActionExecutionWorker.execute(ActionExecutionWorker.java:56)
	at org.gradle.process.internal.worker.child.SystemApplicationClassLoaderWorker.call(SystemApplicationClassLoaderWorker.java:121)
	at org.gradle.process.internal.worker.child.SystemApplicationClassLoaderWorker.call(SystemApplicationClassLoaderWorker.java:71)
	at worker.org.gradle.process.internal.worker.GradleWorkerMain.run(GradleWorkerMain.java:69)
	at worker.org.gradle.process.internal.worker.GradleWorkerMain.main(GradleWorkerMain.java:74)
]]></system-err>
</testsuite>
